<?xml version='1.0' encoding='UTF-8' ?>
<testsuite name="com.example.lunchtray.MenuContentTests" tests="22" failures="8" errors="0" skipped="0" time="43.054" timestamp="2022-09-09T17:27:49" hostname="localhost">
  <properties>
    <property name="device" value="SM-A505FN - 11" />
    <property name="flavor" value="" />
    <property name="project" value=":app" />
  </properties>
  <testcase name="side_menu_item_content" classname="com.example.lunchtray.MenuContentTests" time="1.045" />
  <testcase name="entree_menu_item_content" classname="com.example.lunchtray.MenuContentTests" time="0.517" />
  <testcase name="accompaniment_menu_item_content" classname="com.example.lunchtray.MenuContentTests" time="0.56" />
  <testcase name="navigate_to_start_order_from_checkout" classname="com.example.lunchtray.NavigationTests" time="0.909" />
  <testcase name="navigate_to_start_order_from_entree_menu" classname="com.example.lunchtray.NavigationTests" time="0.749" />
  <testcase name="navigate_to_checkout_from_accompaniment_menu" classname="com.example.lunchtray.NavigationTests" time="0.778" />
  <testcase name="navigate_to_entree_menu_from_start_order" classname="com.example.lunchtray.NavigationTests" time="0.634" />
  <testcase name="navigate_to_start_order_from_checkout_via_submit" classname="com.example.lunchtray.NavigationTests" time="0.966" />
  <testcase name="navigate_to_start_order_from_accompaniment_menu" classname="com.example.lunchtray.NavigationTests" time="0.683" />
  <testcase name="navigate_to_accompaniment_menu_from_side_menu" classname="com.example.lunchtray.NavigationTests" time="0.764" />
  <testcase name="navigate_to_start_order_from_side_menu" classname="com.example.lunchtray.NavigationTests" time="0.773" />
  <testcase name="navigate_to_side_menu_from_entree_menu" classname="com.example.lunchtray.NavigationTests" time="1.138" />
  <testcase name="radio_buttons_update_side_menu_subtotal" classname="com.example.lunchtray.OrderFunctionalityTests" time="1.258">
    <failure>androidx.test.espresso.NoMatchingViewException: No views in hierarchy found matching: (view.getId() is &lt;2131231217/com.example.lunchtray:id/subtotal&gt; and an instance of android.widget.TextView and view.getText() with or without transformation to match: is "Subtotal: $2.50")

View Hierarchy:
+&gt;DecorView{id=-1, visibility=VISIBLE, width=1080, height=2340, has-focus=false, has-focusable=true, has-window-focus=true, is-clickable=false, is-enabled=true, is-focused=false, is-focusable=false, is-layout-requested=false, is-selected=false, layout-params={(0,0)(fillxfill) ty=BASE_APPLICATION wanim=0x1030304
fl=81810100
pfl=10020000
fitSides= naviIconColor=0
sfl=100000}, tag=null, root-is-layout-requested=false, has-input-connection=false, x=0.0, y=0.0, child-count=3}
|
+-&gt;LinearLayout{id=-1, visibility=VISIBLE, width=1080, height=2301, has-focus=false, has-focusable=true, has-window-focus=true, is-clickable=false, is-enabled=true, is-focused=false, is-focusable=false, is-layout-requested=false, is-selected=false, layout-params=android.widget.FrameLayout$LayoutParams&#64;4f99a8, tag=null, root-is-layout-requested=false, has-input-connection=false, x=0.0, y=0.0, child-count=2}
|
+--&gt;ViewStub{id=16908721, res-name=action_mode_bar_stub, visibility=GONE, width=0, height=0, has-focus=false, has-focusable=false, has-window-focus=true, is-clickable=false, is-enabled=true, is-focused=false, is-focusable=false, is-layout-requested=true, is-selected=false, layout-params=android.widget.LinearLayout$LayoutParams&#64;2a5ccc1, tag=null, root-is-layout-requested=false, has-input-connection=false, x=0.0, y=0.0}
|
+--&gt;FrameLayout{id=16908290, res-name=content, visibility=VISIBLE, width=1080, height=2218, has-focus=false, has-focusable=true, has-window-focus=true, is-clickable=false, is-enabled=true, is-focused=false, is-focusable=false, is-layout-requested=false, is-selected=false, layout-params=android.widget.LinearLayout$LayoutParams&#64;b2b2ba7, tag=null, root-is-layout-requested=false, has-input-connection=false, x=0.0, y=83.0, child-count=1}
|
+---&gt;ScrollView{id=2131230998, res-name=layout_side_menu, visibility=VISIBLE, width=1080, height=2218, has-focus=false, has-focusable=true, has-window-focus=true, is-clickable=false, is-enabled=true, is-focused=false, is-focusable=true, is-layout-requested=false, is-selected=false, layout-params=android.widget.FrameLayout$LayoutParams&#64;e8173fd, tag=null, root-is-layout-requested=false, has-input-connection=false, x=0.0, y=0.0, child-count=1}
|
+----&gt;ConstraintLayout{id=-1, visibility=VISIBLE, width=1080, height=1364, has-focus=false, has-focusable=true, has-window-focus=true, is-clickable=false, is-enabled=true, is-focused=false, is-focusable=false, is-layout-requested=false, is-selected=false, layout-params=android.widget.FrameLayout$LayoutParams&#64;dfe89f, tag=null, root-is-layout-requested=false, has-input-connection=false, x=0.0, y=0.0, child-count=5}
|
+-----&gt;RadioGroup{id=2131231171, res-name=side_options, visibility=VISIBLE, width=996, height=1018, has-focus=false, has-focusable=true, has-window-focus=true, is-clickable=false, is-enabled=true, is-focused=false, is-focusable=false, is-layout-requested=false, is-selected=false, layout-params=androidx.constraintlayout.widget.ConstraintLayout$LayoutParams&#64;b1a378f, tag=null, root-is-layout-requested=false, has-input-connection=false, x=42.0, y=0.0, child-count=15}
|
+------&gt;RadioButton{id=2131231138, res-name=salad, visibility=VISIBLE, width=399, height=84, has-focus=false, has-focusable=true, has-window-focus=true, is-clickable=true, is-enabled=true, is-focused=false, is-focusable=true, is-layout-requested=false, is-selected=false, layout-params=android.widget.RadioGroup$LayoutParams&#64;eb16a1c, tag=null, root-is-layout-requested=false, has-input-connection=false, x=0.0, y=0.0, text=Summer Salad, input-type=0, ime-target=false, has-links=false, is-checked=true}
|
+------&gt;TextView{id=2131231139, res-name=salad_description, visibility=VISIBLE, width=996, height=101, has-focus=false, has-focusable=false, has-window-focus=true, is-clickable=false, is-enabled=true, is-focused=false, is-focusable=false, is-layout-requested=false, is-selected=false, layout-params=android.widget.RadioGroup$LayoutParams&#64;d86e625, tag=null, root-is-layout-requested=false, has-input-connection=false, x=0.0, y=84.0, text=Heirloom tomatoes, butter lettuce, peaches, avocado, balsamic dressing, input-type=0, ime-target=false, has-links=false}
|
+------&gt;TextView{id=2131231140, res-name=salad_price, visibility=VISIBLE, width=145, height=75, has-focus=false, has-focusable=false, has-window-focus=true, is-clickable=false, is-enabled=true, is-focused=false, is-focusable=false, is-layout-requested=false, is-selected=false, layout-params=android.widget.RadioGroup$LayoutParams&#64;22d73fa, tag=null, root-is-layout-requested=false, has-input-connection=false, x=0.0, y=185.0, text=$2.50, input-type=0, ime-target=false, has-links=false}
|
+------&gt;View{id=-1, visibility=VISIBLE, width=996, height=3, has-focus=false, has-focusable=false, has-window-focus=true, is-clickable=false, is-enabled=true, is-focused=false, is-focusable=false, is-layout-requested=false, is-selected=false, layout-params=android.widget.RadioGroup$LayoutParams&#64;40cbdab, tag=null, root-is-layout-requested=false, has-input-connection=false, x=0.0, y=281.0}
|
+------&gt;RadioButton{id=2131231187, res-name=soup, visibility=VISIBLE, width=582, height=84, has-focus=false, has-focusable=true, has-window-focus=true, is-clickable=true, is-enabled=true, is-focused=false, is-focusable=true, is-layout-requested=false, is-selected=false, layout-params=android.widget.RadioGroup$LayoutParams&#64;8790c08, tag=null, root-is-layout-requested=false, has-input-connection=false, x=0.0, y=284.0, text=Butternut Squash Soup, input-type=0, ime-target=false, has-links=false, is-checked=false}
|
+------&gt;TextView{id=2131231188, res-name=soup_description, visibility=VISIBLE, width=992, height=54, has-focus=false, has-focusable=false, has-window-focus=true, is-clickable=false, is-enabled=true, is-focused=false, is-focusable=false, is-layout-requested=false, is-selected=false, layout-params=android.widget.RadioGroup$LayoutParams&#64;364bfa1, tag=null, root-is-layout-requested=false, has-input-connection=false, x=0.0, y=368.0, text=Roasted butternut squash, roasted peppers, chili oil, input-type=0, ime-target=false, has-links=false}
|
+------&gt;TextView{id=2131231189, res-name=soup_price, visibility=VISIBLE, width=145, height=75, has-focus=false, has-focusable=false, has-window-focus=true, is-clickable=false, is-enabled=true, is-focused=false, is-focusable=false, is-layout-requested=false, is-selected=false, layout-params=android.widget.RadioGroup$LayoutParams&#64;bced5c6, tag=null, root-is-layout-requested=false, has-input-connection=false, x=0.0, y=422.0, text=$3.00, input-type=0, ime-target=false, has-links=false}
|
+------&gt;View{id=-1, visibility=VISIBLE, width=996, height=3, has-focus=false, has-focusable=false, has-window-focus=true, is-clickable=false, is-enabled=true, is-focused=false, is-focusable=false, is-layout-requested=false, is-selected=false, layout-params=android.widget.RadioGroup$LayoutParams&#64;9578987, tag=null, root-is-layout-requested=false, has-input-connection=false, x=0.0, y=518.0}
|
+------&gt;RadioButton{id=2131231121, res-name=potatoes, visibility=VISIBLE, width=409, height=84, has-focus=false, has-focusable=true, has-window-focus=true, is-clickable=true, is-enabled=true, is-focused=false, is-focusable=true, is-layout-requested=false, is-selected=false, layout-params=android.widget.RadioGroup$LayoutParams&#64;b96e0b4, tag=null, root-is-layout-requested=false, has-input-connection=false, x=0.0, y=521.0, text=Spicy Potatoes, input-type=0, ime-target=false, has-links=false, is-checked=false}
|
+------&gt;TextView{id=2131231119, res-name=potato_description, visibility=VISIBLE, width=996, height=101, has-focus=false, has-focusable=false, has-window-focus=true, is-clickable=false, is-enabled=true, is-focused=false, is-focusable=false, is-layout-requested=false, is-selected=false, layout-params=android.widget.RadioGroup$LayoutParams&#64;6ecb4dd, tag=null, root-is-layout-requested=false, has-input-connection=false, x=0.0, y=605.0, text=Marble potatoes, roasted, and fried in house spice blend, input-type=0, ime-target=false, has-links=false}
|
+------&gt;TextView{id=2131231120, res-name=potato_price, visibility=VISIBLE, width=145, height=75, has-focus=false, has-focusable=false, has-window-focus=true, is-clickable=false, is-enabled=true, is-focused=false, is-focusable=false, is-layout-requested=false, is-selected=false, layout-params=android.widget.RadioGroup$LayoutParams&#64;1d28852, tag=null, root-is-layout-requested=false, has-input-connection=false, x=0.0, y=706.0, text=$2.00, input-type=0, ime-target=false, has-links=false}
|
+------&gt;View{id=-1, visibility=VISIBLE, width=996, height=3, has-focus=false, has-focusable=false, has-window-focus=true, is-clickable=false, is-enabled=true, is-focused=false, is-focusable=false, is-layout-requested=false, is-selected=false, layout-params=android.widget.RadioGroup$LayoutParams&#64;d993723, tag=null, root-is-layout-requested=false, has-input-connection=false, x=0.0, y=802.0}
|
+------&gt;RadioButton{id=2131231128, res-name=rice, visibility=VISIBLE, width=371, height=84, has-focus=false, has-focusable=true, has-window-focus=true, is-clickable=true, is-enabled=true, is-focused=false, is-focusable=true, is-layout-requested=false, is-selected=false, layout-params=android.widget.RadioGroup$LayoutParams&#64;11b5420, tag=null, root-is-layout-requested=false, has-input-connection=false, x=0.0, y=805.0, text=Coconut Rice, input-type=0, ime-target=false, has-links=false, is-checked=false}
|
+------&gt;TextView{id=2131231129, res-name=rice_description, visibility=VISIBLE, width=682, height=54, has-focus=false, has-focusable=false, has-window-focus=true, is-clickable=false, is-enabled=true, is-focused=false, is-focusable=false, is-layout-requested=false, is-selected=false, layout-params=android.widget.RadioGroup$LayoutParams&#64;d04c1d9, tag=null, root-is-layout-requested=false, has-input-connection=false, x=0.0, y=889.0, text=Rice, coconut milk, lime, and sugar, input-type=0, ime-target=false, has-links=false}
|
+------&gt;TextView{id=2131231130, res-name=rice_price, visibility=VISIBLE, width=145, height=75, has-focus=false, has-focusable=false, has-window-focus=true, is-clickable=false, is-enabled=true, is-focused=false, is-focusable=false, is-layout-requested=false, is-selected=false, layout-params=android.widget.RadioGroup$LayoutParams&#64;4ecd79e, tag=null, root-is-layout-requested=false, has-input-connection=false, x=0.0, y=943.0, text=$1.50, input-type=0, ime-target=false, has-links=false}
|
+-----&gt;View{id=2131230910, res-name=divider, visibility=VISIBLE, width=996, height=3, has-focus=false, has-focusable=false, has-window-focus=true, is-clickable=false, is-enabled=true, is-focused=false, is-focusable=false, is-layout-requested=false, is-selected=false, layout-params=androidx.constraintlayout.widget.ConstraintLayout$LayoutParams&#64;4be227f, tag=null, root-is-layout-requested=false, has-input-connection=false, x=42.0, y=1039.0}
|
+-----&gt;TextView{id=2131231217, res-name=subtotal, visibility=VISIBLE, width=133, height=70, has-focus=false, has-focusable=false, has-window-focus=true, is-clickable=false, is-enabled=true, is-focused=false, is-focusable=false, is-layout-requested=false, is-selected=false, layout-params=androidx.constraintlayout.widget.ConstraintLayout$LayoutParams&#64;b1924c, tag=null, root-is-layout-requested=false, has-input-connection=false, x=905.0, y=1084.0, text=$2.50, input-type=0, ime-target=false, has-links=false}
|
+-----&gt;Button{id=2131230842, res-name=cancel_button, visibility=VISIBLE, width=477, height=126, has-focus=false, has-focusable=true, has-window-focus=true, is-clickable=true, is-enabled=true, is-focused=false, is-focusable=true, is-layout-requested=false, is-selected=false, layout-params=androidx.constraintlayout.widget.ConstraintLayout$LayoutParams&#64;8f6a295, tag=null, root-is-layout-requested=false, has-input-connection=false, x=42.0, y=1196.0, text=Cancel, input-type=0, ime-target=false, has-links=false}
|
+-----&gt;Button{id=2131231081, res-name=next_button, visibility=VISIBLE, width=477, height=126, has-focus=false, has-focusable=true, has-window-focus=true, is-clickable=true, is-enabled=true, is-focused=false, is-focusable=true, is-layout-requested=false, is-selected=false, layout-params=androidx.constraintlayout.widget.ConstraintLayout$LayoutParams&#64;acacfaa, tag=null, root-is-layout-requested=false, has-input-connection=false, x=561.0, y=1196.0, text=Next, input-type=0, ime-target=false, has-links=false}
|
+-&gt;View{id=16908336, res-name=navigationBarBackground, visibility=VISIBLE, width=1080, height=39, has-focus=false, has-focusable=false, has-window-focus=true, is-clickable=false, is-enabled=true, is-focused=false, is-focusable=false, is-layout-requested=false, is-selected=false, layout-params=android.widget.FrameLayout$LayoutParams&#64;b1c679b, tag=null, root-is-layout-requested=false, has-input-connection=false, x=0.0, y=2301.0}
|
+-&gt;View{id=16908335, res-name=statusBarBackground, visibility=VISIBLE, width=1080, height=83, has-focus=false, has-focusable=false, has-window-focus=true, is-clickable=false, is-enabled=true, is-focused=false, is-focusable=false, is-layout-requested=false, is-selected=false, layout-params=android.widget.FrameLayout$LayoutParams&#64;f8b8738, tag=null, root-is-layout-requested=false, has-input-connection=false, x=0.0, y=0.0}
at dalvik.system.VMStack.getThreadStackTrace(Native Method)
at java.lang.Thread.getStackTrace(Thread.java:1736)
at androidx.test.espresso.base.DefaultFailureHandler.getUserFriendlyError(DefaultFailureHandler.java:12)
at androidx.test.espresso.base.DefaultFailureHandler.handle(DefaultFailureHandler.java:7)
at androidx.test.espresso.ViewInteraction.waitForAndHandleInteractionResults(ViewInteraction.java:8)
at androidx.test.espresso.ViewInteraction.check(ViewInteraction.java:12)
at com.example.lunchtray.OrderFunctionalityTests.radio_buttons_update_side_menu_subtotal(OrderFunctionalityTests.kt:85)</failure>
  </testcase>
  <testcase name="order_reset_after_cancel_from_accompaniment_menu" classname="com.example.lunchtray.OrderFunctionalityTests" time="4.034">
    <failure>androidx.test.espresso.NoMatchingViewException: No views in hierarchy found matching: an instance of android.widget.TextView and view.getText() with or without transformation to match: is "Subtotal: $0.00"

View Hierarchy:
+&gt;DecorView{id=-1, visibility=VISIBLE, width=1080, height=2340, has-focus=false, has-focusable=true, has-window-focus=true, is-clickable=false, is-enabled=true, is-focused=false, is-focusable=false, is-layout-requested=false, is-selected=false, layout-params={(0,0)(fillxfill) ty=BASE_APPLICATION wanim=0x1030304
fl=81810100
pfl=10020000
fitSides= naviIconColor=0
sfl=100000}, tag=null, root-is-layout-requested=false, has-input-connection=false, x=0.0, y=0.0, child-count=3}
|
+-&gt;LinearLayout{id=-1, visibility=VISIBLE, width=1080, height=2301, has-focus=false, has-focusable=true, has-window-focus=true, is-clickable=false, is-enabled=true, is-focused=false, is-focusable=false, is-layout-requested=false, is-selected=false, layout-params=android.widget.FrameLayout$LayoutParams&#64;e16ef83, tag=null, root-is-layout-requested=false, has-input-connection=false, x=0.0, y=0.0, child-count=2}
|
+--&gt;ViewStub{id=16908721, res-name=action_mode_bar_stub, visibility=GONE, width=0, height=0, has-focus=false, has-focusable=false, has-window-focus=true, is-clickable=false, is-enabled=true, is-focused=false, is-focusable=false, is-layout-requested=true, is-selected=false, layout-params=android.widget.LinearLayout$LayoutParams&#64;f101500, tag=null, root-is-layout-requested=false, has-input-connection=false, x=0.0, y=0.0}
|
+--&gt;FrameLayout{id=-1, visibility=VISIBLE, width=1080, height=2218, has-focus=false, has-focusable=true, has-window-focus=true, is-clickable=false, is-enabled=true, is-focused=false, is-focusable=false, is-layout-requested=false, is-selected=false, layout-params=android.widget.LinearLayout$LayoutParams&#64;816b37e, tag=null, root-is-layout-requested=false, has-input-connection=false, x=0.0, y=83.0, child-count=1}
|
+---&gt;ActionBarOverlayLayout{id=2131230893, res-name=decor_content_parent, visibility=VISIBLE, width=1080, height=2218, has-focus=false, has-focusable=true, has-window-focus=true, is-clickable=false, is-enabled=true, is-focused=false, is-focusable=false, is-layout-requested=false, is-selected=false, layout-params=android.widget.FrameLayout$LayoutParams&#64;f6797f5, tag=null, root-is-layout-requested=false, has-input-connection=false, x=0.0, y=0.0, child-count=2}
|
+----&gt;ContentFrameLayout{id=16908290, res-name=content, visibility=VISIBLE, width=1080, height=2071, has-focus=false, has-focusable=true, has-window-focus=true, is-clickable=false, is-enabled=true, is-focused=false, is-focusable=false, is-layout-requested=false, is-selected=false, layout-params=androidx.appcompat.widget.ActionBarOverlayLayout$LayoutParams&#64;9cccbfb, tag=null, root-is-layout-requested=false, has-input-connection=false, x=0.0, y=147.0, child-count=1}
|
+-----&gt;ConstraintLayout{id=2131230877, res-name=container, visibility=VISIBLE, width=1080, height=2071, has-focus=false, has-focusable=true, has-window-focus=true, is-clickable=false, is-enabled=true, is-focused=false, is-focusable=false, is-layout-requested=false, is-selected=false, layout-params=android.widget.FrameLayout$LayoutParams&#64;666be71, tag=null, root-is-layout-requested=false, has-input-connection=false, x=0.0, y=0.0, child-count=1}
|
+------&gt;FragmentContainerView{id=2131230957, res-name=fragment_nav_host, visibility=VISIBLE, width=1080, height=2071, has-focus=false, has-focusable=true, has-window-focus=true, is-clickable=false, is-enabled=true, is-focused=false, is-focusable=false, is-layout-requested=false, is-selected=false, layout-params=androidx.constraintlayout.widget.ConstraintLayout$LayoutParams&#64;8122cd7, tag=null, root-is-layout-requested=false, has-input-connection=false, x=0.0, y=0.0, child-count=1}
|
+-------&gt;FragmentContainerView{id=2131230957, res-name=fragment_nav_host, visibility=VISIBLE, width=1080, height=2071, has-focus=false, has-focusable=true, has-window-focus=true, is-clickable=false, is-enabled=true, is-focused=false, is-focusable=false, is-layout-requested=false, is-selected=false, layout-params=android.widget.FrameLayout$LayoutParams&#64;57d0ad, tag=null, root-is-layout-requested=false, has-input-connection=false, x=0.0, y=0.0, child-count=1}
|
+--------&gt;ScrollView{id=-1, visibility=VISIBLE, width=1080, height=1626, has-focus=false, has-focusable=true, has-window-focus=true, is-clickable=false, is-enabled=true, is-focused=false, is-focusable=true, is-layout-requested=false, is-selected=false, layout-params=android.widget.FrameLayout$LayoutParams&#64;2e2bf73, tag=null, root-is-layout-requested=false, has-input-connection=false, x=0.0, y=0.0, child-count=1}
|
+---------&gt;ConstraintLayout{id=-1, visibility=VISIBLE, width=1080, height=1626, has-focus=false, has-focusable=true, has-window-focus=true, is-clickable=false, is-enabled=true, is-focused=false, is-focusable=false, is-layout-requested=false, is-selected=false, layout-params=android.widget.FrameLayout$LayoutParams&#64;f8f6865, tag=null, root-is-layout-requested=false, has-input-connection=false, x=0.0, y=0.0, child-count=5}
|
+----------&gt;RadioGroup{id=2131230936, res-name=entree_options, visibility=VISIBLE, width=996, height=1280, has-focus=false, has-focusable=true, has-window-focus=true, is-clickable=false, is-enabled=true, is-focused=false, is-focusable=false, is-layout-requested=false, is-selected=false, layout-params=androidx.constraintlayout.widget.ConstraintLayout$LayoutParams&#64;44434d5, tag=null, root-is-layout-requested=false, has-input-connection=false, x=42.0, y=0.0, child-count=15}
|
+-----------&gt;MaterialRadioButton{id=2131230844, res-name=cauliflower, visibility=VISIBLE, width=330, height=126, has-focus=false, has-focusable=true, has-window-focus=true, is-clickable=true, is-enabled=true, is-focused=false, is-focusable=true, is-layout-requested=false, is-selected=false, layout-params=android.widget.RadioGroup$LayoutParams&#64;ae194ea, tag=null, root-is-layout-requested=false, has-input-connection=false, x=0.0, y=0.0, text=Cauliflower, input-type=0, ime-target=false, has-links=false, is-checked=false}
|
+-----------&gt;MaterialTextView{id=2131230845, res-name=cauliflower_description, visibility=VISIBLE, width=951, height=54, has-focus=false, has-focusable=false, has-window-focus=true, is-clickable=false, is-enabled=true, is-focused=false, is-focusable=false, is-layout-requested=false, is-selected=false, layout-params=android.widget.RadioGroup$LayoutParams&#64;467e3db, tag=null, root-is-layout-requested=false, has-input-connection=false, x=0.0, y=126.0, text=Whole cauliflower, brined, roasted, and deep fried, input-type=0, ime-target=false, has-links=false}
|
+-----------&gt;MaterialTextView{id=2131230846, res-name=cauliflower_price, visibility=VISIBLE, width=145, height=75, has-focus=false, has-focusable=false, has-window-focus=true, is-clickable=false, is-enabled=true, is-focused=false, is-focusable=false, is-layout-requested=false, is-selected=false, layout-params=android.widget.RadioGroup$LayoutParams&#64;e0aee78, tag=null, root-is-layout-requested=false, has-input-connection=false, x=0.0, y=180.0, text=$7.00, input-type=0, ime-target=false, has-links=false}
|
+-----------&gt;View{id=-1, visibility=VISIBLE, width=996, height=3, has-focus=false, has-focusable=false, has-window-focus=true, is-clickable=false, is-enabled=true, is-focused=false, is-focusable=false, is-layout-requested=false, is-selected=false, layout-params=android.widget.RadioGroup$LayoutParams&#64;8204951, tag=null, root-is-layout-requested=false, has-input-connection=false, x=0.0, y=276.0}
|
+-----------&gt;MaterialRadioButton{id=2131230858, res-name=chili, visibility=VISIBLE, width=436, height=126, has-focus=false, has-focusable=true, has-window-focus=true, is-clickable=true, is-enabled=true, is-focused=false, is-focusable=true, is-layout-requested=false, is-selected=false, layout-params=android.widget.RadioGroup$LayoutParams&#64;1bc15b6, tag=null, root-is-layout-requested=false, has-input-connection=false, x=0.0, y=279.0, text=Three Bean Chili, input-type=0, ime-target=false, has-links=false, is-checked=false}
|
+-----------&gt;MaterialTextView{id=2131230859, res-name=chili_description, visibility=VISIBLE, width=996, height=101, has-focus=false, has-focusable=false, has-window-focus=true, is-clickable=false, is-enabled=true, is-focused=false, is-focusable=false, is-layout-requested=false, is-selected=false, layout-params=android.widget.RadioGroup$LayoutParams&#64;c76e2b7, tag=null, root-is-layout-requested=false, has-input-connection=false, x=0.0, y=405.0, text=Black beans, red beans, kidney beans, slow cooked, topped with onion, input-type=0, ime-target=false, has-links=false}
|
+-----------&gt;MaterialTextView{id=2131230860, res-name=chili_price, visibility=VISIBLE, width=145, height=75, has-focus=false, has-focusable=false, has-window-focus=true, is-clickable=false, is-enabled=true, is-focused=false, is-focusable=false, is-layout-requested=false, is-selected=false, layout-params=android.widget.RadioGroup$LayoutParams&#64;83c7a24, tag=null, root-is-layout-requested=false, has-input-connection=false, x=0.0, y=506.0, text=$4.00, input-type=0, ime-target=false, has-links=false}
|
+-----------&gt;View{id=-1, visibility=VISIBLE, width=996, height=3, has-focus=false, has-focusable=false, has-window-focus=true, is-clickable=false, is-enabled=true, is-focused=false, is-focusable=false, is-layout-requested=false, is-selected=false, layout-params=android.widget.RadioGroup$LayoutParams&#64;acf298d, tag=null, root-is-layout-requested=false, has-input-connection=false, x=0.0, y=602.0}
|
+-----------&gt;MaterialRadioButton{id=2131231106, res-name=pasta, visibility=VISIBLE, width=455, height=126, has-focus=false, has-focusable=true, has-window-focus=true, is-clickable=true, is-enabled=true, is-focused=false, is-focusable=true, is-layout-requested=false, is-selected=false, layout-params=android.widget.RadioGroup$LayoutParams&#64;8ebd742, tag=null, root-is-layout-requested=false, has-input-connection=false, x=0.0, y=605.0, text=Mushroom Pasta, input-type=0, ime-target=false, has-links=false, is-checked=false}
|
+-----------&gt;MaterialTextView{id=2131231107, res-name=pasta_description, visibility=VISIBLE, width=996, height=101, has-focus=false, has-focusable=false, has-window-focus=true, is-clickable=false, is-enabled=true, is-focused=false, is-focusable=false, is-layout-requested=false, is-selected=false, layout-params=android.widget.RadioGroup$LayoutParams&#64;70cf353, tag=null, root-is-layout-requested=false, has-input-connection=false, x=0.0, y=731.0, text=Penne pasta, mushrooms, basil, with plum tomatoes cooked in garlic and olive oil, input-type=0, ime-target=false, has-links=false}
|
+-----------&gt;MaterialTextView{id=2131231108, res-name=pasta_price, visibility=VISIBLE, width=145, height=75, has-focus=false, has-focusable=false, has-window-focus=true, is-clickable=false, is-enabled=true, is-focused=false, is-focusable=false, is-layout-requested=false, is-selected=false, layout-params=android.widget.RadioGroup$LayoutParams&#64;7d91490, tag=null, root-is-layout-requested=false, has-input-connection=false, x=0.0, y=832.0, text=$5.50, input-type=0, ime-target=false, has-links=false}
|
+-----------&gt;View{id=-1, visibility=VISIBLE, width=996, height=3, has-focus=false, has-focusable=false, has-window-focus=true, is-clickable=false, is-enabled=true, is-focused=false, is-focusable=false, is-layout-requested=false, is-selected=false, layout-params=android.widget.RadioGroup$LayoutParams&#64;311d189, tag=null, root-is-layout-requested=false, has-input-connection=false, x=0.0, y=928.0}
|
+-----------&gt;MaterialRadioButton{id=2131231175, res-name=skillet, visibility=VISIBLE, width=599, height=126, has-focus=false, has-focusable=true, has-window-focus=true, is-clickable=true, is-enabled=true, is-focused=false, is-focusable=true, is-layout-requested=false, is-selected=false, layout-params=android.widget.RadioGroup$LayoutParams&#64;564258e, tag=null, root-is-layout-requested=false, has-input-connection=false, x=0.0, y=931.0, text=Spicy Black Bean Skillet, input-type=0, ime-target=false, has-links=false, is-checked=false}
|
+-----------&gt;MaterialTextView{id=2131231176, res-name=skillet_description, visibility=VISIBLE, width=996, height=148, has-focus=false, has-focusable=false, has-window-focus=true, is-clickable=false, is-enabled=true, is-focused=false, is-focusable=false, is-layout-requested=false, is-selected=false, layout-params=android.widget.RadioGroup$LayoutParams&#64;8e971af, tag=null, root-is-layout-requested=false, has-input-connection=false, x=0.0, y=1057.0, text=Seasonal vegetables, black beans, house spice blend, served with avocado and quick pickled onions, input-type=0, ime-target=false, has-links=false}
|
+-----------&gt;MaterialTextView{id=2131231177, res-name=skillet_price, visibility=VISIBLE, width=145, height=75, has-focus=false, has-focusable=false, has-window-focus=true, is-clickable=false, is-enabled=true, is-focused=false, is-focusable=false, is-layout-requested=false, is-selected=false, layout-params=android.widget.RadioGroup$LayoutParams&#64;862e9bc, tag=null, root-is-layout-requested=false, has-input-connection=false, x=0.0, y=1205.0, text=$5.50, input-type=0, ime-target=false, has-links=false}
|
+----------&gt;View{id=2131230910, res-name=divider, visibility=VISIBLE, width=996, height=3, has-focus=false, has-focusable=false, has-window-focus=true, is-clickable=false, is-enabled=true, is-focused=false, is-focusable=false, is-layout-requested=false, is-selected=false, layout-params=androidx.constraintlayout.widget.ConstraintLayout$LayoutParams&#64;8bcfd45, tag=null, root-is-layout-requested=false, has-input-connection=false, x=42.0, y=1301.0}
|
+----------&gt;MaterialTextView{id=2131231217, res-name=subtotal, visibility=VISIBLE, width=133, height=70, has-focus=false, has-focusable=false, has-window-focus=true, is-clickable=false, is-enabled=true, is-focused=false, is-focusable=false, is-layout-requested=false, is-selected=false, layout-params=androidx.constraintlayout.widget.ConstraintLayout$LayoutParams&#64;6010c9a, tag=null, root-is-layout-requested=false, has-input-connection=false, x=905.0, y=1346.0, text=$0.00, input-type=0, ime-target=false, has-links=false}
|
+----------&gt;MaterialButton{id=2131230842, res-name=cancel_button, visibility=VISIBLE, width=477, height=126, has-focus=false, has-focusable=true, has-window-focus=true, is-clickable=true, is-enabled=true, is-focused=false, is-focusable=true, is-layout-requested=false, is-selected=false, layout-params=androidx.constraintlayout.widget.ConstraintLayout$LayoutParams&#64;96579cb, tag=null, root-is-layout-requested=false, has-input-connection=false, x=42.0, y=1458.0, text=Cancel, input-type=0, ime-target=false, has-links=false, is-checked=false}
|
+----------&gt;MaterialButton{id=2131231081, res-name=next_button, visibility=VISIBLE, width=477, height=126, has-focus=false, has-focusable=true, has-window-focus=true, is-clickable=true, is-enabled=true, is-focused=false, is-focusable=true, is-layout-requested=false, is-selected=false, layout-params=androidx.constraintlayout.widget.ConstraintLayout$LayoutParams&#64;952e5a8, tag=null, root-is-layout-requested=false, has-input-connection=false, x=561.0, y=1458.0, text=Next, input-type=0, ime-target=false, has-links=false, is-checked=false}
|
+----&gt;ActionBarContainer{id=2131230780, res-name=action_bar_container, visibility=VISIBLE, width=1080, height=147, has-focus=false, has-focusable=false, has-window-focus=true, is-clickable=false, is-enabled=true, is-focused=false, is-focusable=false, is-layout-requested=false, is-selected=false, layout-params=androidx.appcompat.widget.ActionBarOverlayLayout$LayoutParams&#64;24fe7a7, tag=null, root-is-layout-requested=false, has-input-connection=false, x=0.0, y=0.0, child-count=2}
|
+-----&gt;Toolbar{id=2131230778, res-name=action_bar, visibility=VISIBLE, width=1080, height=147, has-focus=false, has-focusable=false, has-window-focus=true, is-clickable=false, is-enabled=true, is-focused=false, is-focusable=false, is-layout-requested=false, is-selected=false, layout-params=android.widget.FrameLayout$LayoutParams&#64;42c94f2, tag=null, root-is-layout-requested=false, has-input-connection=false, x=0.0, y=0.0, child-count=2}
|
+------&gt;AppCompatTextView{id=-1, visibility=VISIBLE, width=289, height=78, has-focus=false, has-focusable=false, has-window-focus=true, is-clickable=false, is-enabled=true, is-focused=false, is-focusable=false, is-layout-requested=false, is-selected=false, layout-params=androidx.appcompat.widget.Toolbar$LayoutParams&#64;1895743, tag=null, root-is-layout-requested=false, has-input-connection=false, x=42.0, y=34.0, text=Lunch Tray, input-type=0, ime-target=false, has-links=false}
|
+------&gt;ActionMenuView{id=-1, visibility=VISIBLE, width=0, height=147, has-focus=false, has-focusable=false, has-window-focus=true, is-clickable=false, is-enabled=true, is-focused=false, is-focusable=false, is-layout-requested=false, is-selected=false, layout-params=androidx.appcompat.widget.Toolbar$LayoutParams&#64;e2c1c0, tag=null, root-is-layout-requested=false, has-input-connection=false, x=1080.0, y=0.0, child-count=0}
|
+-----&gt;ActionBarContextView{id=2131230787, res-name=action_context_bar, visibility=GONE, width=0, height=0, has-focus=false, has-focusable=false, has-window-focus=true, is-clickable=false, is-enabled=true, is-focused=false, is-focusable=false, is-layout-requested=true, is-selected=false, layout-params=android.widget.FrameLayout$LayoutParams&#64;2152ef9, tag=null, root-is-layout-requested=false, has-input-connection=false, x=0.0, y=0.0, child-count=0}
|
+-&gt;View{id=16908336, res-name=navigationBarBackground, visibility=VISIBLE, width=1080, height=39, has-focus=false, has-focusable=false, has-window-focus=true, is-clickable=false, is-enabled=true, is-focused=false, is-focusable=false, is-layout-requested=false, is-selected=false, layout-params=android.widget.FrameLayout$LayoutParams&#64;4eb0e3e, tag=null, root-is-layout-requested=false, has-input-connection=false, x=0.0, y=2301.0}
|
+-&gt;View{id=16908335, res-name=statusBarBackground, visibility=VISIBLE, width=1080, height=83, has-focus=false, has-focusable=false, has-window-focus=true, is-clickable=false, is-enabled=true, is-focused=false, is-focusable=false, is-layout-requested=false, is-selected=false, layout-params=android.widget.FrameLayout$LayoutParams&#64;860249f, tag=null, root-is-layout-requested=false, has-input-connection=false, x=0.0, y=0.0}
at dalvik.system.VMStack.getThreadStackTrace(Native Method)
at java.lang.Thread.getStackTrace(Thread.java:1736)
at androidx.test.espresso.base.DefaultFailureHandler.getUserFriendlyError(DefaultFailureHandler.java:12)
at androidx.test.espresso.base.DefaultFailureHandler.handle(DefaultFailureHandler.java:7)
at androidx.test.espresso.ViewInteraction.waitForAndHandleInteractionResults(ViewInteraction.java:8)
at androidx.test.espresso.ViewInteraction.check(ViewInteraction.java:12)
at com.example.lunchtray.OrderFunctionalityTests.order_reset_after_cancel_from_accompaniment_menu(OrderFunctionalityTests.kt:249)</failure>
  </testcase>
  <testcase name="subtotal_updates_in_full_order_flow" classname="com.example.lunchtray.OrderFunctionalityTests" time="1.907">
    <failure>androidx.test.espresso.base.DefaultFailureHandler$AssertionFailedWithCauseError: 'an instance of android.widget.TextView and view.getText() with or without transformation to match: a string containing "Subtotal: $9.50"' doesn't match the selected view.
Expected: an instance of android.widget.TextView and view.getText() with or without transformation to match: a string containing "Subtotal: $9.50"
Got: view.getText() was "$9.50" transformed text was "$9.50"
View Details: MaterialTextView{id=2131231217, res-name=subtotal, visibility=VISIBLE, width=133, height=70, has-focus=false, has-focusable=false, has-window-focus=true, is-clickable=false, is-enabled=true, is-focused=false, is-focusable=false, is-layout-requested=false, is-selected=false, layout-params=androidx.constraintlayout.widget.ConstraintLayout$LayoutParams&#64;d2d34ff, tag=null, root-is-layout-requested=false, has-input-connection=false, x=905.0, y=1252.0, text=$9.50, input-type=0, ime-target=false, has-links=false}

at dalvik.system.VMStack.getThreadStackTrace(Native Method)
at java.lang.Thread.getStackTrace(Thread.java:1736)
at androidx.test.espresso.base.DefaultFailureHandler.getUserFriendlyError(DefaultFailureHandler.java:12)
at androidx.test.espresso.base.DefaultFailureHandler.handle(DefaultFailureHandler.java:7)
at androidx.test.espresso.ViewInteraction.waitForAndHandleInteractionResults(ViewInteraction.java:5)
at androidx.test.espresso.ViewInteraction.check(ViewInteraction.java:12)
at com.example.lunchtray.OrderFunctionalityTests.subtotal_updates_in_full_order_flow(OrderFunctionalityTests.kt:149)
... 27 trimmed
Caused by: junit.framework.AssertionFailedError: 'an instance of android.widget.TextView and view.getText() with or without transformation to match: a string containing "Subtotal: $9.50"' doesn't match the selected view.
Expected: an instance of android.widget.TextView and view.getText() with or without transformation to match: a string containing "Subtotal: $9.50"
Got: view.getText() was "$9.50" transformed text was "$9.50"
View Details: MaterialTextView{id=2131231217, res-name=subtotal, visibility=VISIBLE, width=133, height=70, has-focus=false, has-focusable=false, has-window-focus=true, is-clickable=false, is-enabled=true, is-focused=false, is-focusable=false, is-layout-requested=false, is-selected=false, layout-params=androidx.constraintlayout.widget.ConstraintLayout$LayoutParams&#64;d2d34ff, tag=null, root-is-layout-requested=false, has-input-connection=false, x=905.0, y=1252.0, text=$9.50, input-type=0, ime-target=false, has-links=false}

at androidx.test.espresso.matcher.ViewMatchers.assertThat(ViewMatchers.java:16)
at androidx.test.espresso.assertion.ViewAssertions$MatchesViewAssertion.check(ViewAssertions.java:11)
at androidx.test.espresso.ViewInteraction$SingleExecutionViewAssertion.check(ViewInteraction.java:2)
at androidx.test.espresso.ViewInteraction$2.call(ViewInteraction.java:12)
at androidx.test.espresso.ViewInteraction$2.call(ViewInteraction.java:1)
at java.util.concurrent.FutureTask.run(FutureTask.java:266)
at android.os.Handler.handleCallback(Handler.java:938)
at android.os.Handler.dispatchMessage(Handler.java:99)
at android.os.Looper.loop(Looper.java:246)
at android.app.ActivityThread.main(ActivityThread.java:8653)
at java.lang.reflect.Method.invoke(Native Method)
at com.android.internal.os.RuntimeInit$MethodAndArgsCaller.run(RuntimeInit.java:602)
at com.android.internal.os.ZygoteInit.main(ZygoteInit.java:1130)</failure>
  </testcase>
  <testcase name="order_snackbar" classname="com.example.lunchtray.OrderFunctionalityTests" time="3.239" />
  <testcase name="order_reset_after_cancel_from_entree_menu" classname="com.example.lunchtray.OrderFunctionalityTests" time="3.588">
    <failure>androidx.test.espresso.NoMatchingViewException: No views in hierarchy found matching: an instance of android.widget.TextView and view.getText() with or without transformation to match: is "Subtotal: $0.00"

View Hierarchy:
+&gt;DecorView{id=-1, visibility=VISIBLE, width=1080, height=2340, has-focus=false, has-focusable=true, has-window-focus=true, is-clickable=false, is-enabled=true, is-focused=false, is-focusable=false, is-layout-requested=false, is-selected=false, layout-params={(0,0)(fillxfill) ty=BASE_APPLICATION wanim=0x1030304
fl=81810100
pfl=10020000
fitSides= naviIconColor=0
sfl=100000}, tag=null, root-is-layout-requested=false, has-input-connection=false, x=0.0, y=0.0, child-count=3}
|
+-&gt;LinearLayout{id=-1, visibility=VISIBLE, width=1080, height=2301, has-focus=false, has-focusable=true, has-window-focus=true, is-clickable=false, is-enabled=true, is-focused=false, is-focusable=false, is-layout-requested=false, is-selected=false, layout-params=android.widget.FrameLayout$LayoutParams&#64;e3f9269, tag=null, root-is-layout-requested=false, has-input-connection=false, x=0.0, y=0.0, child-count=2}
|
+--&gt;ViewStub{id=16908721, res-name=action_mode_bar_stub, visibility=GONE, width=0, height=0, has-focus=false, has-focusable=false, has-window-focus=true, is-clickable=false, is-enabled=true, is-focused=false, is-focusable=false, is-layout-requested=true, is-selected=false, layout-params=android.widget.LinearLayout$LayoutParams&#64;5e384ee, tag=null, root-is-layout-requested=false, has-input-connection=false, x=0.0, y=0.0}
|
+--&gt;FrameLayout{id=-1, visibility=VISIBLE, width=1080, height=2218, has-focus=false, has-focusable=true, has-window-focus=true, is-clickable=false, is-enabled=true, is-focused=false, is-focusable=false, is-layout-requested=false, is-selected=false, layout-params=android.widget.LinearLayout$LayoutParams&#64;6c0c81c, tag=null, root-is-layout-requested=false, has-input-connection=false, x=0.0, y=83.0, child-count=1}
|
+---&gt;ActionBarOverlayLayout{id=2131230893, res-name=decor_content_parent, visibility=VISIBLE, width=1080, height=2218, has-focus=false, has-focusable=true, has-window-focus=true, is-clickable=false, is-enabled=true, is-focused=false, is-focusable=false, is-layout-requested=false, is-selected=false, layout-params=android.widget.FrameLayout$LayoutParams&#64;5f233ab, tag=null, root-is-layout-requested=false, has-input-connection=false, x=0.0, y=0.0, child-count=2}
|
+----&gt;ContentFrameLayout{id=16908290, res-name=content, visibility=VISIBLE, width=1080, height=2071, has-focus=false, has-focusable=true, has-window-focus=true, is-clickable=false, is-enabled=true, is-focused=false, is-focusable=false, is-layout-requested=false, is-selected=false, layout-params=androidx.appcompat.widget.ActionBarOverlayLayout$LayoutParams&#64;f7e25a1, tag=null, root-is-layout-requested=false, has-input-connection=false, x=0.0, y=147.0, child-count=1}
|
+-----&gt;ConstraintLayout{id=2131230877, res-name=container, visibility=VISIBLE, width=1080, height=2071, has-focus=false, has-focusable=true, has-window-focus=true, is-clickable=false, is-enabled=true, is-focused=false, is-focusable=false, is-layout-requested=false, is-selected=false, layout-params=android.widget.FrameLayout$LayoutParams&#64;31e5f87, tag=null, root-is-layout-requested=false, has-input-connection=false, x=0.0, y=0.0, child-count=1}
|
+------&gt;FragmentContainerView{id=2131230957, res-name=fragment_nav_host, visibility=VISIBLE, width=1080, height=2071, has-focus=false, has-focusable=true, has-window-focus=true, is-clickable=false, is-enabled=true, is-focused=false, is-focusable=false, is-layout-requested=false, is-selected=false, layout-params=androidx.constraintlayout.widget.ConstraintLayout$LayoutParams&#64;2367add, tag=null, root-is-layout-requested=false, has-input-connection=false, x=0.0, y=0.0, child-count=1}
|
+-------&gt;FragmentContainerView{id=2131230957, res-name=fragment_nav_host, visibility=VISIBLE, width=1080, height=2071, has-focus=false, has-focusable=true, has-window-focus=true, is-clickable=false, is-enabled=true, is-focused=false, is-focusable=false, is-layout-requested=false, is-selected=false, layout-params=android.widget.FrameLayout$LayoutParams&#64;bf76d23, tag=null, root-is-layout-requested=false, has-input-connection=false, x=0.0, y=0.0, child-count=1}
|
+--------&gt;ScrollView{id=-1, visibility=VISIBLE, width=1080, height=1626, has-focus=false, has-focusable=true, has-window-focus=true, is-clickable=false, is-enabled=true, is-focused=false, is-focusable=true, is-layout-requested=false, is-selected=false, layout-params=android.widget.FrameLayout$LayoutParams&#64;a24e7d9, tag=null, root-is-layout-requested=false, has-input-connection=false, x=0.0, y=0.0, child-count=1}
|
+---------&gt;ConstraintLayout{id=-1, visibility=VISIBLE, width=1080, height=1626, has-focus=false, has-focusable=true, has-window-focus=true, is-clickable=false, is-enabled=true, is-focused=false, is-focusable=false, is-layout-requested=false, is-selected=false, layout-params=android.widget.FrameLayout$LayoutParams&#64;44b5d9b, tag=null, root-is-layout-requested=false, has-input-connection=false, x=0.0, y=0.0, child-count=5}
|
+----------&gt;RadioGroup{id=2131230936, res-name=entree_options, visibility=VISIBLE, width=996, height=1280, has-focus=false, has-focusable=true, has-window-focus=true, is-clickable=false, is-enabled=true, is-focused=false, is-focusable=false, is-layout-requested=false, is-selected=false, layout-params=androidx.constraintlayout.widget.ConstraintLayout$LayoutParams&#64;fae38b, tag=null, root-is-layout-requested=false, has-input-connection=false, x=42.0, y=0.0, child-count=15}
|
+-----------&gt;MaterialRadioButton{id=2131230844, res-name=cauliflower, visibility=VISIBLE, width=330, height=126, has-focus=false, has-focusable=true, has-window-focus=true, is-clickable=true, is-enabled=true, is-focused=false, is-focusable=true, is-layout-requested=false, is-selected=false, layout-params=android.widget.RadioGroup$LayoutParams&#64;4a96c68, tag=null, root-is-layout-requested=false, has-input-connection=false, x=0.0, y=0.0, text=Cauliflower, input-type=0, ime-target=false, has-links=false, is-checked=false}
|
+-----------&gt;MaterialTextView{id=2131230845, res-name=cauliflower_description, visibility=VISIBLE, width=951, height=54, has-focus=false, has-focusable=false, has-window-focus=true, is-clickable=false, is-enabled=true, is-focused=false, is-focusable=false, is-layout-requested=false, is-selected=false, layout-params=android.widget.RadioGroup$LayoutParams&#64;b9b0881, tag=null, root-is-layout-requested=false, has-input-connection=false, x=0.0, y=126.0, text=Whole cauliflower, brined, roasted, and deep fried, input-type=0, ime-target=false, has-links=false}
|
+-----------&gt;MaterialTextView{id=2131230846, res-name=cauliflower_price, visibility=VISIBLE, width=145, height=75, has-focus=false, has-focusable=false, has-window-focus=true, is-clickable=false, is-enabled=true, is-focused=false, is-focusable=false, is-layout-requested=false, is-selected=false, layout-params=android.widget.RadioGroup$LayoutParams&#64;2601d26, tag=null, root-is-layout-requested=false, has-input-connection=false, x=0.0, y=180.0, text=$7.00, input-type=0, ime-target=false, has-links=false}
|
+-----------&gt;View{id=-1, visibility=VISIBLE, width=996, height=3, has-focus=false, has-focusable=false, has-window-focus=true, is-clickable=false, is-enabled=true, is-focused=false, is-focusable=false, is-layout-requested=false, is-selected=false, layout-params=android.widget.RadioGroup$LayoutParams&#64;d322d67, tag=null, root-is-layout-requested=false, has-input-connection=false, x=0.0, y=276.0}
|
+-----------&gt;MaterialRadioButton{id=2131230858, res-name=chili, visibility=VISIBLE, width=436, height=126, has-focus=false, has-focusable=true, has-window-focus=true, is-clickable=true, is-enabled=true, is-focused=false, is-focusable=true, is-layout-requested=false, is-selected=false, layout-params=android.widget.RadioGroup$LayoutParams&#64;cdce714, tag=null, root-is-layout-requested=false, has-input-connection=false, x=0.0, y=279.0, text=Three Bean Chili, input-type=0, ime-target=false, has-links=false, is-checked=false}
|
+-----------&gt;MaterialTextView{id=2131230859, res-name=chili_description, visibility=VISIBLE, width=996, height=101, has-focus=false, has-focusable=false, has-window-focus=true, is-clickable=false, is-enabled=true, is-focused=false, is-focusable=false, is-layout-requested=false, is-selected=false, layout-params=android.widget.RadioGroup$LayoutParams&#64;5eeabbd, tag=null, root-is-layout-requested=false, has-input-connection=false, x=0.0, y=405.0, text=Black beans, red beans, kidney beans, slow cooked, topped with onion, input-type=0, ime-target=false, has-links=false}
|
+-----------&gt;MaterialTextView{id=2131230860, res-name=chili_price, visibility=VISIBLE, width=145, height=75, has-focus=false, has-focusable=false, has-window-focus=true, is-clickable=false, is-enabled=true, is-focused=false, is-focusable=false, is-layout-requested=false, is-selected=false, layout-params=android.widget.RadioGroup$LayoutParams&#64;20e5b2, tag=null, root-is-layout-requested=false, has-input-connection=false, x=0.0, y=506.0, text=$4.00, input-type=0, ime-target=false, has-links=false}
|
+-----------&gt;View{id=-1, visibility=VISIBLE, width=996, height=3, has-focus=false, has-focusable=false, has-window-focus=true, is-clickable=false, is-enabled=true, is-focused=false, is-focusable=false, is-layout-requested=false, is-selected=false, layout-params=android.widget.RadioGroup$LayoutParams&#64;daa3903, tag=null, root-is-layout-requested=false, has-input-connection=false, x=0.0, y=602.0}
|
+-----------&gt;MaterialRadioButton{id=2131231106, res-name=pasta, visibility=VISIBLE, width=455, height=126, has-focus=false, has-focusable=true, has-window-focus=true, is-clickable=true, is-enabled=true, is-focused=false, is-focusable=true, is-layout-requested=false, is-selected=false, layout-params=android.widget.RadioGroup$LayoutParams&#64;a2b6080, tag=null, root-is-layout-requested=false, has-input-connection=false, x=0.0, y=605.0, text=Mushroom Pasta, input-type=0, ime-target=false, has-links=false, is-checked=false}
|
+-----------&gt;MaterialTextView{id=2131231107, res-name=pasta_description, visibility=VISIBLE, width=996, height=101, has-focus=false, has-focusable=false, has-window-focus=true, is-clickable=false, is-enabled=true, is-focused=false, is-focusable=false, is-layout-requested=false, is-selected=false, layout-params=android.widget.RadioGroup$LayoutParams&#64;edf46b9, tag=null, root-is-layout-requested=false, has-input-connection=false, x=0.0, y=731.0, text=Penne pasta, mushrooms, basil, with plum tomatoes cooked in garlic and olive oil, input-type=0, ime-target=false, has-links=false}
|
+-----------&gt;MaterialTextView{id=2131231108, res-name=pasta_price, visibility=VISIBLE, width=145, height=75, has-focus=false, has-focusable=false, has-window-focus=true, is-clickable=false, is-enabled=true, is-focused=false, is-focusable=false, is-layout-requested=false, is-selected=false, layout-params=android.widget.RadioGroup$LayoutParams&#64;8b3aafe, tag=null, root-is-layout-requested=false, has-input-connection=false, x=0.0, y=832.0, text=$5.50, input-type=0, ime-target=false, has-links=false}
|
+-----------&gt;View{id=-1, visibility=VISIBLE, width=996, height=3, has-focus=false, has-focusable=false, has-window-focus=true, is-clickable=false, is-enabled=true, is-focused=false, is-focusable=false, is-layout-requested=false, is-selected=false, layout-params=android.widget.RadioGroup$LayoutParams&#64;10d625f, tag=null, root-is-layout-requested=false, has-input-connection=false, x=0.0, y=928.0}
|
+-----------&gt;MaterialRadioButton{id=2131231175, res-name=skillet, visibility=VISIBLE, width=599, height=126, has-focus=false, has-focusable=true, has-window-focus=true, is-clickable=true, is-enabled=true, is-focused=false, is-focusable=true, is-layout-requested=false, is-selected=false, layout-params=android.widget.RadioGroup$LayoutParams&#64;b2604ac, tag=null, root-is-layout-requested=false, has-input-connection=false, x=0.0, y=931.0, text=Spicy Black Bean Skillet, input-type=0, ime-target=false, has-links=false, is-checked=false}
|
+-----------&gt;MaterialTextView{id=2131231176, res-name=skillet_description, visibility=VISIBLE, width=996, height=148, has-focus=false, has-focusable=false, has-window-focus=true, is-clickable=false, is-enabled=true, is-focused=false, is-focusable=false, is-layout-requested=false, is-selected=false, layout-params=android.widget.RadioGroup$LayoutParams&#64;da49575, tag=null, root-is-layout-requested=false, has-input-connection=false, x=0.0, y=1057.0, text=Seasonal vegetables, black beans, house spice blend, served with avocado and quick pickled onions, input-type=0, ime-target=false, has-links=false}
|
+-----------&gt;MaterialTextView{id=2131231177, res-name=skillet_price, visibility=VISIBLE, width=145, height=75, has-focus=false, has-focusable=false, has-window-focus=true, is-clickable=false, is-enabled=true, is-focused=false, is-focusable=false, is-layout-requested=false, is-selected=false, layout-params=android.widget.RadioGroup$LayoutParams&#64;21b790a, tag=null, root-is-layout-requested=false, has-input-connection=false, x=0.0, y=1205.0, text=$5.50, input-type=0, ime-target=false, has-links=false}
|
+----------&gt;View{id=2131230910, res-name=divider, visibility=VISIBLE, width=996, height=3, has-focus=false, has-focusable=false, has-window-focus=true, is-clickable=false, is-enabled=true, is-focused=false, is-focusable=false, is-layout-requested=false, is-selected=false, layout-params=androidx.constraintlayout.widget.ConstraintLayout$LayoutParams&#64;c4fc57b, tag=null, root-is-layout-requested=false, has-input-connection=false, x=42.0, y=1301.0}
|
+----------&gt;MaterialTextView{id=2131231217, res-name=subtotal, visibility=VISIBLE, width=133, height=70, has-focus=false, has-focusable=false, has-window-focus=true, is-clickable=false, is-enabled=true, is-focused=false, is-focusable=false, is-layout-requested=false, is-selected=false, layout-params=androidx.constraintlayout.widget.ConstraintLayout$LayoutParams&#64;444bf98, tag=null, root-is-layout-requested=false, has-input-connection=false, x=905.0, y=1346.0, text=$0.00, input-type=0, ime-target=false, has-links=false}
|
+----------&gt;MaterialButton{id=2131230842, res-name=cancel_button, visibility=VISIBLE, width=477, height=126, has-focus=false, has-focusable=true, has-window-focus=true, is-clickable=true, is-enabled=true, is-focused=false, is-focusable=true, is-layout-requested=false, is-selected=false, layout-params=androidx.constraintlayout.widget.ConstraintLayout$LayoutParams&#64;b3613f1, tag=null, root-is-layout-requested=false, has-input-connection=false, x=42.0, y=1458.0, text=Cancel, input-type=0, ime-target=false, has-links=false, is-checked=false}
|
+----------&gt;MaterialButton{id=2131231081, res-name=next_button, visibility=VISIBLE, width=477, height=126, has-focus=false, has-focusable=true, has-window-focus=true, is-clickable=true, is-enabled=true, is-focused=false, is-focusable=true, is-layout-requested=false, is-selected=false, layout-params=androidx.constraintlayout.widget.ConstraintLayout$LayoutParams&#64;d801bd6, tag=null, root-is-layout-requested=false, has-input-connection=false, x=561.0, y=1458.0, text=Next, input-type=0, ime-target=false, has-links=false, is-checked=false}
|
+----&gt;ActionBarContainer{id=2131230780, res-name=action_bar_container, visibility=VISIBLE, width=1080, height=147, has-focus=false, has-focusable=false, has-window-focus=true, is-clickable=false, is-enabled=true, is-focused=false, is-focusable=false, is-layout-requested=false, is-selected=false, layout-params=androidx.appcompat.widget.ActionBarOverlayLayout$LayoutParams&#64;e86fe2d, tag=null, root-is-layout-requested=false, has-input-connection=false, x=0.0, y=0.0, child-count=2}
|
+-----&gt;Toolbar{id=2131230778, res-name=action_bar, visibility=VISIBLE, width=1080, height=147, has-focus=false, has-focusable=false, has-window-focus=true, is-clickable=false, is-enabled=true, is-focused=false, is-focusable=false, is-layout-requested=false, is-selected=false, layout-params=android.widget.FrameLayout$LayoutParams&#64;b17e9b0, tag=null, root-is-layout-requested=false, has-input-connection=false, x=0.0, y=0.0, child-count=2}
|
+------&gt;AppCompatTextView{id=-1, visibility=VISIBLE, width=289, height=78, has-focus=false, has-focusable=false, has-window-focus=true, is-clickable=false, is-enabled=true, is-focused=false, is-focusable=false, is-layout-requested=false, is-selected=false, layout-params=androidx.appcompat.widget.Toolbar$LayoutParams&#64;825029, tag=null, root-is-layout-requested=false, has-input-connection=false, x=42.0, y=34.0, text=Lunch Tray, input-type=0, ime-target=false, has-links=false}
|
+------&gt;ActionMenuView{id=-1, visibility=VISIBLE, width=0, height=147, has-focus=false, has-focusable=false, has-window-focus=true, is-clickable=false, is-enabled=true, is-focused=false, is-focusable=false, is-layout-requested=false, is-selected=false, layout-params=androidx.appcompat.widget.Toolbar$LayoutParams&#64;49ecfae, tag=null, root-is-layout-requested=false, has-input-connection=false, x=1080.0, y=0.0, child-count=0}
|
+-----&gt;ActionBarContextView{id=2131230787, res-name=action_context_bar, visibility=GONE, width=0, height=0, has-focus=false, has-focusable=false, has-window-focus=true, is-clickable=false, is-enabled=true, is-focused=false, is-focusable=false, is-layout-requested=true, is-selected=false, layout-params=android.widget.FrameLayout$LayoutParams&#64;979a14f, tag=null, root-is-layout-requested=false, has-input-connection=false, x=0.0, y=0.0, child-count=0}
|
+-&gt;View{id=16908336, res-name=navigationBarBackground, visibility=VISIBLE, width=1080, height=39, has-focus=false, has-focusable=false, has-window-focus=true, is-clickable=false, is-enabled=true, is-focused=false, is-focusable=false, is-layout-requested=false, is-selected=false, layout-params=android.widget.FrameLayout$LayoutParams&#64;a09f0dc, tag=null, root-is-layout-requested=false, has-input-connection=false, x=0.0, y=2301.0}
|
+-&gt;View{id=16908335, res-name=statusBarBackground, visibility=VISIBLE, width=1080, height=83, has-focus=false, has-focusable=false, has-window-focus=true, is-clickable=false, is-enabled=true, is-focused=false, is-focusable=false, is-layout-requested=false, is-selected=false, layout-params=android.widget.FrameLayout$LayoutParams&#64;3c6c5e5, tag=null, root-is-layout-requested=false, has-input-connection=false, x=0.0, y=0.0}
at dalvik.system.VMStack.getThreadStackTrace(Native Method)
at java.lang.Thread.getStackTrace(Thread.java:1736)
at androidx.test.espresso.base.DefaultFailureHandler.getUserFriendlyError(DefaultFailureHandler.java:12)
at androidx.test.espresso.base.DefaultFailureHandler.handle(DefaultFailureHandler.java:7)
at androidx.test.espresso.ViewInteraction.waitForAndHandleInteractionResults(ViewInteraction.java:8)
at androidx.test.espresso.ViewInteraction.check(ViewInteraction.java:12)
at com.example.lunchtray.OrderFunctionalityTests.order_reset_after_cancel_from_entree_menu(OrderFunctionalityTests.kt:199)</failure>
  </testcase>
  <testcase name="subtotal_tax_total_in_checkout" classname="com.example.lunchtray.OrderFunctionalityTests" time="1.323" />
  <testcase name="radio_buttons_update_accompaniment_menu_subtotal" classname="com.example.lunchtray.OrderFunctionalityTests" time="0.854">
    <failure>androidx.test.espresso.base.DefaultFailureHandler$AssertionFailedWithCauseError: 'an instance of android.widget.TextView and view.getText() with or without transformation to match: a string containing "Subtotal: $0.50"' doesn't match the selected view.
Expected: an instance of android.widget.TextView and view.getText() with or without transformation to match: a string containing "Subtotal: $0.50"
Got: view.getText() was "$0.50"
View Details: TextView{id=2131231217, res-name=subtotal, visibility=VISIBLE, width=133, height=70, has-focus=false, has-focusable=false, has-window-focus=true, is-clickable=false, is-enabled=true, is-focused=false, is-focusable=false, is-layout-requested=false, is-selected=false, layout-params=androidx.constraintlayout.widget.ConstraintLayout$LayoutParams&#64;5b3991b, tag=null, root-is-layout-requested=false, has-input-connection=false, x=905.0, y=800.0, text=$0.50, input-type=0, ime-target=false, has-links=false}

at dalvik.system.VMStack.getThreadStackTrace(Native Method)
at java.lang.Thread.getStackTrace(Thread.java:1736)
at androidx.test.espresso.base.DefaultFailureHandler.getUserFriendlyError(DefaultFailureHandler.java:12)
at androidx.test.espresso.base.DefaultFailureHandler.handle(DefaultFailureHandler.java:7)
at androidx.test.espresso.ViewInteraction.waitForAndHandleInteractionResults(ViewInteraction.java:5)
at androidx.test.espresso.ViewInteraction.check(ViewInteraction.java:12)
at com.example.lunchtray.OrderFunctionalityTests.radio_buttons_update_accompaniment_menu_subtotal(OrderFunctionalityTests.kt:117)
... 27 trimmed
Caused by: junit.framework.AssertionFailedError: 'an instance of android.widget.TextView and view.getText() with or without transformation to match: a string containing "Subtotal: $0.50"' doesn't match the selected view.
Expected: an instance of android.widget.TextView and view.getText() with or without transformation to match: a string containing "Subtotal: $0.50"
Got: view.getText() was "$0.50"
View Details: TextView{id=2131231217, res-name=subtotal, visibility=VISIBLE, width=133, height=70, has-focus=false, has-focusable=false, has-window-focus=true, is-clickable=false, is-enabled=true, is-focused=false, is-focusable=false, is-layout-requested=false, is-selected=false, layout-params=androidx.constraintlayout.widget.ConstraintLayout$LayoutParams&#64;5b3991b, tag=null, root-is-layout-requested=false, has-input-connection=false, x=905.0, y=800.0, text=$0.50, input-type=0, ime-target=false, has-links=false}

at androidx.test.espresso.matcher.ViewMatchers.assertThat(ViewMatchers.java:16)
at androidx.test.espresso.assertion.ViewAssertions$MatchesViewAssertion.check(ViewAssertions.java:11)
at androidx.test.espresso.ViewInteraction$SingleExecutionViewAssertion.check(ViewInteraction.java:2)
at androidx.test.espresso.ViewInteraction$2.call(ViewInteraction.java:12)
at androidx.test.espresso.ViewInteraction$2.call(ViewInteraction.java:1)
at java.util.concurrent.FutureTask.run(FutureTask.java:266)
at android.os.Handler.handleCallback(Handler.java:938)
at android.os.Handler.dispatchMessage(Handler.java:99)
at android.os.Looper.loop(Looper.java:246)
at android.app.ActivityThread.main(ActivityThread.java:8653)
at java.lang.reflect.Method.invoke(Native Method)
at com.android.internal.os.RuntimeInit$MethodAndArgsCaller.run(RuntimeInit.java:602)
at com.android.internal.os.ZygoteInit.main(ZygoteInit.java:1130)</failure>
  </testcase>
  <testcase name="order_reset_after_cancel_from_side_menu" classname="com.example.lunchtray.OrderFunctionalityTests" time="2.688">
    <failure>androidx.test.espresso.NoMatchingViewException: No views in hierarchy found matching: an instance of android.widget.TextView and view.getText() with or without transformation to match: is "Subtotal: $0.00"

View Hierarchy:
+&gt;DecorView{id=-1, visibility=VISIBLE, width=1080, height=2340, has-focus=false, has-focusable=true, has-window-focus=true, is-clickable=false, is-enabled=true, is-focused=false, is-focusable=false, is-layout-requested=false, is-selected=false, layout-params={(0,0)(fillxfill) ty=BASE_APPLICATION wanim=0x1030304
fl=81810100
pfl=10020000
fitSides= naviIconColor=0
sfl=100000}, tag=null, root-is-layout-requested=false, has-input-connection=false, x=0.0, y=0.0, child-count=3}
|
+-&gt;LinearLayout{id=-1, visibility=VISIBLE, width=1080, height=2301, has-focus=false, has-focusable=true, has-window-focus=true, is-clickable=false, is-enabled=true, is-focused=false, is-focusable=false, is-layout-requested=false, is-selected=false, layout-params=android.widget.FrameLayout$LayoutParams&#64;27ea4a6, tag=null, root-is-layout-requested=false, has-input-connection=false, x=0.0, y=0.0, child-count=2}
|
+--&gt;ViewStub{id=16908721, res-name=action_mode_bar_stub, visibility=GONE, width=0, height=0, has-focus=false, has-focusable=false, has-window-focus=true, is-clickable=false, is-enabled=true, is-focused=false, is-focusable=false, is-layout-requested=true, is-selected=false, layout-params=android.widget.LinearLayout$LayoutParams&#64;47adee7, tag=null, root-is-layout-requested=false, has-input-connection=false, x=0.0, y=0.0}
|
+--&gt;FrameLayout{id=-1, visibility=VISIBLE, width=1080, height=2218, has-focus=false, has-focusable=true, has-window-focus=true, is-clickable=false, is-enabled=true, is-focused=false, is-focusable=false, is-layout-requested=false, is-selected=false, layout-params=android.widget.LinearLayout$LayoutParams&#64;86793d, tag=null, root-is-layout-requested=false, has-input-connection=false, x=0.0, y=83.0, child-count=1}
|
+---&gt;ActionBarOverlayLayout{id=2131230893, res-name=decor_content_parent, visibility=VISIBLE, width=1080, height=2218, has-focus=false, has-focusable=true, has-window-focus=true, is-clickable=false, is-enabled=true, is-focused=false, is-focusable=false, is-layout-requested=false, is-selected=false, layout-params=android.widget.FrameLayout$LayoutParams&#64;9e9ac00, tag=null, root-is-layout-requested=false, has-input-connection=false, x=0.0, y=0.0, child-count=2}
|
+----&gt;ContentFrameLayout{id=16908290, res-name=content, visibility=VISIBLE, width=1080, height=2071, has-focus=false, has-focusable=true, has-window-focus=true, is-clickable=false, is-enabled=true, is-focused=false, is-focusable=false, is-layout-requested=false, is-selected=false, layout-params=androidx.appcompat.widget.ActionBarOverlayLayout$LayoutParams&#64;e2ba27e, tag=null, root-is-layout-requested=false, has-input-connection=false, x=0.0, y=147.0, child-count=1}
|
+-----&gt;ConstraintLayout{id=2131230877, res-name=container, visibility=VISIBLE, width=1080, height=2071, has-focus=false, has-focusable=true, has-window-focus=true, is-clickable=false, is-enabled=true, is-focused=false, is-focusable=false, is-layout-requested=false, is-selected=false, layout-params=android.widget.FrameLayout$LayoutParams&#64;33d882c, tag=null, root-is-layout-requested=false, has-input-connection=false, x=0.0, y=0.0, child-count=1}
|
+------&gt;FragmentContainerView{id=2131230957, res-name=fragment_nav_host, visibility=VISIBLE, width=1080, height=2071, has-focus=false, has-focusable=true, has-window-focus=true, is-clickable=false, is-enabled=true, is-focused=false, is-focusable=false, is-layout-requested=false, is-selected=false, layout-params=androidx.constraintlayout.widget.ConstraintLayout$LayoutParams&#64;fdb688a, tag=null, root-is-layout-requested=false, has-input-connection=false, x=0.0, y=0.0, child-count=1}
|
+-------&gt;FragmentContainerView{id=2131230957, res-name=fragment_nav_host, visibility=VISIBLE, width=1080, height=2071, has-focus=false, has-focusable=true, has-window-focus=true, is-clickable=false, is-enabled=true, is-focused=false, is-focusable=false, is-layout-requested=false, is-selected=false, layout-params=android.widget.FrameLayout$LayoutParams&#64;d10fb18, tag=null, root-is-layout-requested=false, has-input-connection=false, x=0.0, y=0.0, child-count=1}
|
+--------&gt;ScrollView{id=-1, visibility=VISIBLE, width=1080, height=1626, has-focus=false, has-focusable=true, has-window-focus=true, is-clickable=false, is-enabled=true, is-focused=false, is-focusable=true, is-layout-requested=false, is-selected=false, layout-params=android.widget.FrameLayout$LayoutParams&#64;c0f8356, tag=null, root-is-layout-requested=false, has-input-connection=false, x=0.0, y=0.0, child-count=1}
|
+---------&gt;ConstraintLayout{id=-1, visibility=VISIBLE, width=1080, height=1626, has-focus=false, has-focusable=true, has-window-focus=true, is-clickable=false, is-enabled=true, is-focused=false, is-focusable=false, is-layout-requested=false, is-selected=false, layout-params=android.widget.FrameLayout$LayoutParams&#64;2c01530, tag=null, root-is-layout-requested=false, has-input-connection=false, x=0.0, y=0.0, child-count=5}
|
+----------&gt;RadioGroup{id=2131230936, res-name=entree_options, visibility=VISIBLE, width=996, height=1280, has-focus=false, has-focusable=true, has-window-focus=true, is-clickable=false, is-enabled=true, is-focused=false, is-focusable=false, is-layout-requested=false, is-selected=false, layout-params=androidx.constraintlayout.widget.ConstraintLayout$LayoutParams&#64;c5b2a60, tag=null, root-is-layout-requested=false, has-input-connection=false, x=42.0, y=0.0, child-count=15}
|
+-----------&gt;MaterialRadioButton{id=2131230844, res-name=cauliflower, visibility=VISIBLE, width=330, height=126, has-focus=false, has-focusable=true, has-window-focus=true, is-clickable=true, is-enabled=true, is-focused=false, is-focusable=true, is-layout-requested=false, is-selected=false, layout-params=android.widget.RadioGroup$LayoutParams&#64;ffa7b19, tag=null, root-is-layout-requested=false, has-input-connection=false, x=0.0, y=0.0, text=Cauliflower, input-type=0, ime-target=false, has-links=false, is-checked=false}
|
+-----------&gt;MaterialTextView{id=2131230845, res-name=cauliflower_description, visibility=VISIBLE, width=951, height=54, has-focus=false, has-focusable=false, has-window-focus=true, is-clickable=false, is-enabled=true, is-focused=false, is-focusable=false, is-layout-requested=false, is-selected=false, layout-params=android.widget.RadioGroup$LayoutParams&#64;d7e37de, tag=null, root-is-layout-requested=false, has-input-connection=false, x=0.0, y=126.0, text=Whole cauliflower, brined, roasted, and deep fried, input-type=0, ime-target=false, has-links=false}
|
+-----------&gt;MaterialTextView{id=2131230846, res-name=cauliflower_price, visibility=VISIBLE, width=145, height=75, has-focus=false, has-focusable=false, has-window-focus=true, is-clickable=false, is-enabled=true, is-focused=false, is-focusable=false, is-layout-requested=false, is-selected=false, layout-params=android.widget.RadioGroup$LayoutParams&#64;7779dbf, tag=null, root-is-layout-requested=false, has-input-connection=false, x=0.0, y=180.0, text=$7.00, input-type=0, ime-target=false, has-links=false}
|
+-----------&gt;View{id=-1, visibility=VISIBLE, width=996, height=3, has-focus=false, has-focusable=false, has-window-focus=true, is-clickable=false, is-enabled=true, is-focused=false, is-focusable=false, is-layout-requested=false, is-selected=false, layout-params=android.widget.RadioGroup$LayoutParams&#64;b88c8c, tag=null, root-is-layout-requested=false, has-input-connection=false, x=0.0, y=276.0}
|
+-----------&gt;MaterialRadioButton{id=2131230858, res-name=chili, visibility=VISIBLE, width=436, height=126, has-focus=false, has-focusable=true, has-window-focus=true, is-clickable=true, is-enabled=true, is-focused=false, is-focusable=true, is-layout-requested=false, is-selected=false, layout-params=android.widget.RadioGroup$LayoutParams&#64;9aeafd5, tag=null, root-is-layout-requested=false, has-input-connection=false, x=0.0, y=279.0, text=Three Bean Chili, input-type=0, ime-target=false, has-links=false, is-checked=false}
|
+-----------&gt;MaterialTextView{id=2131230859, res-name=chili_description, visibility=VISIBLE, width=996, height=101, has-focus=false, has-focusable=false, has-window-focus=true, is-clickable=false, is-enabled=true, is-focused=false, is-focusable=false, is-layout-requested=false, is-selected=false, layout-params=android.widget.RadioGroup$LayoutParams&#64;cb1f3ea, tag=null, root-is-layout-requested=false, has-input-connection=false, x=0.0, y=405.0, text=Black beans, red beans, kidney beans, slow cooked, topped with onion, input-type=0, ime-target=false, has-links=false}
|
+-----------&gt;MaterialTextView{id=2131230860, res-name=chili_price, visibility=VISIBLE, width=145, height=75, has-focus=false, has-focusable=false, has-window-focus=true, is-clickable=false, is-enabled=true, is-focused=false, is-focusable=false, is-layout-requested=false, is-selected=false, layout-params=android.widget.RadioGroup$LayoutParams&#64;11256db, tag=null, root-is-layout-requested=false, has-input-connection=false, x=0.0, y=506.0, text=$4.00, input-type=0, ime-target=false, has-links=false}
|
+-----------&gt;View{id=-1, visibility=VISIBLE, width=996, height=3, has-focus=false, has-focusable=false, has-window-focus=true, is-clickable=false, is-enabled=true, is-focused=false, is-focusable=false, is-layout-requested=false, is-selected=false, layout-params=android.widget.RadioGroup$LayoutParams&#64;3a7e578, tag=null, root-is-layout-requested=false, has-input-connection=false, x=0.0, y=602.0}
|
+-----------&gt;MaterialRadioButton{id=2131231106, res-name=pasta, visibility=VISIBLE, width=455, height=126, has-focus=false, has-focusable=true, has-window-focus=true, is-clickable=true, is-enabled=true, is-focused=false, is-focusable=true, is-layout-requested=false, is-selected=false, layout-params=android.widget.RadioGroup$LayoutParams&#64;9377451, tag=null, root-is-layout-requested=false, has-input-connection=false, x=0.0, y=605.0, text=Mushroom Pasta, input-type=0, ime-target=false, has-links=false, is-checked=false}
|
+-----------&gt;MaterialTextView{id=2131231107, res-name=pasta_description, visibility=VISIBLE, width=996, height=101, has-focus=false, has-focusable=false, has-window-focus=true, is-clickable=false, is-enabled=true, is-focused=false, is-focusable=false, is-layout-requested=false, is-selected=false, layout-params=android.widget.RadioGroup$LayoutParams&#64;9b364b6, tag=null, root-is-layout-requested=false, has-input-connection=false, x=0.0, y=731.0, text=Penne pasta, mushrooms, basil, with plum tomatoes cooked in garlic and olive oil, input-type=0, ime-target=false, has-links=false}
|
+-----------&gt;MaterialTextView{id=2131231108, res-name=pasta_price, visibility=VISIBLE, width=145, height=75, has-focus=false, has-focusable=false, has-window-focus=true, is-clickable=false, is-enabled=true, is-focused=false, is-focusable=false, is-layout-requested=false, is-selected=false, layout-params=android.widget.RadioGroup$LayoutParams&#64;4d585b7, tag=null, root-is-layout-requested=false, has-input-connection=false, x=0.0, y=832.0, text=$5.50, input-type=0, ime-target=false, has-links=false}
|
+-----------&gt;View{id=-1, visibility=VISIBLE, width=996, height=3, has-focus=false, has-focusable=false, has-window-focus=true, is-clickable=false, is-enabled=true, is-focused=false, is-focusable=false, is-layout-requested=false, is-selected=false, layout-params=android.widget.RadioGroup$LayoutParams&#64;31e124, tag=null, root-is-layout-requested=false, has-input-connection=false, x=0.0, y=928.0}
|
+-----------&gt;MaterialRadioButton{id=2131231175, res-name=skillet, visibility=VISIBLE, width=599, height=126, has-focus=false, has-focusable=true, has-window-focus=true, is-clickable=true, is-enabled=true, is-focused=false, is-focusable=true, is-layout-requested=false, is-selected=false, layout-params=android.widget.RadioGroup$LayoutParams&#64;dae048d, tag=null, root-is-layout-requested=false, has-input-connection=false, x=0.0, y=931.0, text=Spicy Black Bean Skillet, input-type=0, ime-target=false, has-links=false, is-checked=false}
|
+-----------&gt;MaterialTextView{id=2131231176, res-name=skillet_description, visibility=VISIBLE, width=996, height=148, has-focus=false, has-focusable=false, has-window-focus=true, is-clickable=false, is-enabled=true, is-focused=false, is-focusable=false, is-layout-requested=false, is-selected=false, layout-params=android.widget.RadioGroup$LayoutParams&#64;a891642, tag=null, root-is-layout-requested=false, has-input-connection=false, x=0.0, y=1057.0, text=Seasonal vegetables, black beans, house spice blend, served with avocado and quick pickled onions, input-type=0, ime-target=false, has-links=false}
|
+-----------&gt;MaterialTextView{id=2131231177, res-name=skillet_price, visibility=VISIBLE, width=145, height=75, has-focus=false, has-focusable=false, has-window-focus=true, is-clickable=false, is-enabled=true, is-focused=false, is-focusable=false, is-layout-requested=false, is-selected=false, layout-params=android.widget.RadioGroup$LayoutParams&#64;a32c653, tag=null, root-is-layout-requested=false, has-input-connection=false, x=0.0, y=1205.0, text=$5.50, input-type=0, ime-target=false, has-links=false}
|
+----------&gt;View{id=2131230910, res-name=divider, visibility=VISIBLE, width=996, height=3, has-focus=false, has-focusable=false, has-window-focus=true, is-clickable=false, is-enabled=true, is-focused=false, is-focusable=false, is-layout-requested=false, is-selected=false, layout-params=androidx.constraintlayout.widget.ConstraintLayout$LayoutParams&#64;73deb90, tag=null, root-is-layout-requested=false, has-input-connection=false, x=42.0, y=1301.0}
|
+----------&gt;MaterialTextView{id=2131231217, res-name=subtotal, visibility=VISIBLE, width=133, height=70, has-focus=false, has-focusable=false, has-window-focus=true, is-clickable=false, is-enabled=true, is-focused=false, is-focusable=false, is-layout-requested=false, is-selected=false, layout-params=androidx.constraintlayout.widget.ConstraintLayout$LayoutParams&#64;4835c89, tag=null, root-is-layout-requested=false, has-input-connection=false, x=905.0, y=1346.0, text=$0.00, input-type=0, ime-target=false, has-links=false}
|
+----------&gt;MaterialButton{id=2131230842, res-name=cancel_button, visibility=VISIBLE, width=477, height=126, has-focus=false, has-focusable=true, has-window-focus=true, is-clickable=true, is-enabled=true, is-focused=false, is-focusable=true, is-layout-requested=false, is-selected=false, layout-params=androidx.constraintlayout.widget.ConstraintLayout$LayoutParams&#64;d16548e, tag=null, root-is-layout-requested=false, has-input-connection=false, x=42.0, y=1458.0, text=Cancel, input-type=0, ime-target=false, has-links=false, is-checked=false}
|
+----------&gt;MaterialButton{id=2131231081, res-name=next_button, visibility=VISIBLE, width=477, height=126, has-focus=false, has-focusable=true, has-window-focus=true, is-clickable=true, is-enabled=true, is-focused=false, is-focusable=true, is-layout-requested=false, is-selected=false, layout-params=androidx.constraintlayout.widget.ConstraintLayout$LayoutParams&#64;41974af, tag=null, root-is-layout-requested=false, has-input-connection=false, x=561.0, y=1458.0, text=Next, input-type=0, ime-target=false, has-links=false, is-checked=false}
|
+----&gt;ActionBarContainer{id=2131230780, res-name=action_bar_container, visibility=VISIBLE, width=1080, height=147, has-focus=false, has-focusable=false, has-window-focus=true, is-clickable=false, is-enabled=true, is-focused=false, is-focusable=false, is-layout-requested=false, is-selected=false, layout-params=androidx.appcompat.widget.ActionBarOverlayLayout$LayoutParams&#64;8272b9a, tag=null, root-is-layout-requested=false, has-input-connection=false, x=0.0, y=0.0, child-count=2}
|
+-----&gt;Toolbar{id=2131230778, res-name=action_bar, visibility=VISIBLE, width=1080, height=147, has-focus=false, has-focusable=false, has-window-focus=true, is-clickable=false, is-enabled=true, is-focused=false, is-focusable=false, is-layout-requested=false, is-selected=false, layout-params=android.widget.FrameLayout$LayoutParams&#64;8ed13c1, tag=null, root-is-layout-requested=false, has-input-connection=false, x=0.0, y=0.0, child-count=2}
|
+------&gt;AppCompatTextView{id=-1, visibility=VISIBLE, width=289, height=78, has-focus=false, has-focusable=false, has-window-focus=true, is-clickable=false, is-enabled=true, is-focused=false, is-focusable=false, is-layout-requested=false, is-selected=false, layout-params=androidx.appcompat.widget.Toolbar$LayoutParams&#64;13c6766, tag=null, root-is-layout-requested=false, has-input-connection=false, x=42.0, y=34.0, text=Lunch Tray, input-type=0, ime-target=false, has-links=false}
|
[...]
at java.util.concurrent.FutureTask.run(FutureTask.java:266)
at android.os.Handler.handleCallback(Handler.java:938)
at android.os.Handler.dispatchMessage(Handler.java:99)
at android.os.Looper.loop(Looper.java:246)
at android.app.ActivityThread.main(ActivityThread.java:8653)
at java.lang.reflect.Method.invoke(Native Method)
at com.android.internal.os.RuntimeInit$MethodAndArgsCaller.run(RuntimeInit.java:602)
at com.android.internal.os.ZygoteInit.main(ZygoteInit.java:1130)</failure>
  </testcase>
  <testcase name="order_reset_after_cancel_from_checkout" classname="com.example.lunchtray.OrderFunctionalityTests" time="4.056">
    <failure>androidx.test.espresso.NoMatchingViewException: No views in hierarchy found matching: an instance of android.widget.TextView and view.getText() with or without transformation to match: is "Subtotal: $0.00"

View Hierarchy:
+&gt;DecorView{id=-1, visibility=VISIBLE, width=1080, height=2340, has-focus=false, has-focusable=true, has-window-focus=true, is-clickable=false, is-enabled=true, is-focused=false, is-focusable=false, is-layout-requested=false, is-selected=false, layout-params={(0,0)(fillxfill) ty=BASE_APPLICATION wanim=0x1030304
fl=81810100
pfl=10020000
fitSides= naviIconColor=0
sfl=100000}, tag=null, root-is-layout-requested=false, has-input-connection=false, x=0.0, y=0.0, child-count=3}
|
+-&gt;LinearLayout{id=-1, visibility=VISIBLE, width=1080, height=2301, has-focus=false, has-focusable=true, has-window-focus=true, is-clickable=false, is-enabled=true, is-focused=false, is-focusable=false, is-layout-requested=false, is-selected=false, layout-params=android.widget.FrameLayout$LayoutParams&#64;ee6099e, tag=null, root-is-layout-requested=false, has-input-connection=false, x=0.0, y=0.0, child-count=2}
|
+--&gt;ViewStub{id=16908721, res-name=action_mode_bar_stub, visibility=GONE, width=0, height=0, has-focus=false, has-focusable=false, has-window-focus=true, is-clickable=false, is-enabled=true, is-focused=false, is-focusable=false, is-layout-requested=true, is-selected=false, layout-params=android.widget.LinearLayout$LayoutParams&#64;d146c7f, tag=null, root-is-layout-requested=false, has-input-connection=false, x=0.0, y=0.0}
|
+--&gt;FrameLayout{id=-1, visibility=VISIBLE, width=1080, height=2218, has-focus=false, has-focusable=true, has-window-focus=true, is-clickable=false, is-enabled=true, is-focused=false, is-focusable=false, is-layout-requested=false, is-selected=false, layout-params=android.widget.LinearLayout$LayoutParams&#64;defc95, tag=null, root-is-layout-requested=false, has-input-connection=false, x=0.0, y=83.0, child-count=1}
|
+---&gt;ActionBarOverlayLayout{id=2131230893, res-name=decor_content_parent, visibility=VISIBLE, width=1080, height=2218, has-focus=false, has-focusable=true, has-window-focus=true, is-clickable=false, is-enabled=true, is-focused=false, is-focusable=false, is-layout-requested=false, is-selected=false, layout-params=android.widget.FrameLayout$LayoutParams&#64;aeb2938, tag=null, root-is-layout-requested=false, has-input-connection=false, x=0.0, y=0.0, child-count=2}
|
+----&gt;ContentFrameLayout{id=16908290, res-name=content, visibility=VISIBLE, width=1080, height=2071, has-focus=false, has-focusable=true, has-window-focus=true, is-clickable=false, is-enabled=true, is-focused=false, is-focusable=false, is-layout-requested=false, is-selected=false, layout-params=androidx.appcompat.widget.ActionBarOverlayLayout$LayoutParams&#64;a8bae76, tag=null, root-is-layout-requested=false, has-input-connection=false, x=0.0, y=147.0, child-count=1}
|
+-----&gt;ConstraintLayout{id=2131230877, res-name=container, visibility=VISIBLE, width=1080, height=2071, has-focus=false, has-focusable=true, has-window-focus=true, is-clickable=false, is-enabled=true, is-focused=false, is-focusable=false, is-layout-requested=false, is-selected=false, layout-params=android.widget.FrameLayout$LayoutParams&#64;c5a0e4, tag=null, root-is-layout-requested=false, has-input-connection=false, x=0.0, y=0.0, child-count=1}
|
+------&gt;FragmentContainerView{id=2131230957, res-name=fragment_nav_host, visibility=VISIBLE, width=1080, height=2071, has-focus=false, has-focusable=true, has-window-focus=true, is-clickable=false, is-enabled=true, is-focused=false, is-focusable=false, is-layout-requested=false, is-selected=false, layout-params=androidx.constraintlayout.widget.ConstraintLayout$LayoutParams&#64;ffc3c02, tag=null, root-is-layout-requested=false, has-input-connection=false, x=0.0, y=0.0, child-count=1}
|
+-------&gt;FragmentContainerView{id=2131230957, res-name=fragment_nav_host, visibility=VISIBLE, width=1080, height=2071, has-focus=false, has-focusable=true, has-window-focus=true, is-clickable=false, is-enabled=true, is-focused=false, is-focusable=false, is-layout-requested=false, is-selected=false, layout-params=android.widget.FrameLayout$LayoutParams&#64;bade750, tag=null, root-is-layout-requested=false, has-input-connection=false, x=0.0, y=0.0, child-count=1}
|
+--------&gt;ScrollView{id=-1, visibility=VISIBLE, width=1080, height=1626, has-focus=false, has-focusable=true, has-window-focus=true, is-clickable=false, is-enabled=true, is-focused=false, is-focusable=true, is-layout-requested=false, is-selected=false, layout-params=android.widget.FrameLayout$LayoutParams&#64;bf6164e, tag=null, root-is-layout-requested=false, has-input-connection=false, x=0.0, y=0.0, child-count=1}
|
+---------&gt;ConstraintLayout{id=-1, visibility=VISIBLE, width=1080, height=1626, has-focus=false, has-focusable=true, has-window-focus=true, is-clickable=false, is-enabled=true, is-focused=false, is-focusable=false, is-layout-requested=false, is-selected=false, layout-params=android.widget.FrameLayout$LayoutParams&#64;b175068, tag=null, root-is-layout-requested=false, has-input-connection=false, x=0.0, y=0.0, child-count=5}
|
+----------&gt;RadioGroup{id=2131230936, res-name=entree_options, visibility=VISIBLE, width=996, height=1280, has-focus=false, has-focusable=true, has-window-focus=true, is-clickable=false, is-enabled=true, is-focused=false, is-focusable=false, is-layout-requested=false, is-selected=false, layout-params=androidx.constraintlayout.widget.ConstraintLayout$LayoutParams&#64;3f3a398, tag=null, root-is-layout-requested=false, has-input-connection=false, x=42.0, y=0.0, child-count=15}
|
+-----------&gt;MaterialRadioButton{id=2131230844, res-name=cauliflower, visibility=VISIBLE, width=330, height=126, has-focus=false, has-focusable=true, has-window-focus=true, is-clickable=true, is-enabled=true, is-focused=false, is-focusable=true, is-layout-requested=false, is-selected=false, layout-params=android.widget.RadioGroup$LayoutParams&#64;a2527f1, tag=null, root-is-layout-requested=false, has-input-connection=false, x=0.0, y=0.0, text=Cauliflower, input-type=0, ime-target=false, has-links=false, is-checked=false}
|
+-----------&gt;MaterialTextView{id=2131230845, res-name=cauliflower_description, visibility=VISIBLE, width=951, height=54, has-focus=false, has-focusable=false, has-window-focus=true, is-clickable=false, is-enabled=true, is-focused=false, is-focusable=false, is-layout-requested=false, is-selected=false, layout-params=android.widget.RadioGroup$LayoutParams&#64;9639fd6, tag=null, root-is-layout-requested=false, has-input-connection=false, x=0.0, y=126.0, text=Whole cauliflower, brined, roasted, and deep fried, input-type=0, ime-target=false, has-links=false}
|
+-----------&gt;MaterialTextView{id=2131230846, res-name=cauliflower_price, visibility=VISIBLE, width=145, height=75, has-focus=false, has-focusable=false, has-window-focus=true, is-clickable=false, is-enabled=true, is-focused=false, is-focusable=false, is-layout-requested=false, is-selected=false, layout-params=android.widget.RadioGroup$LayoutParams&#64;fa27257, tag=null, root-is-layout-requested=false, has-input-connection=false, x=0.0, y=180.0, text=$7.00, input-type=0, ime-target=false, has-links=false}
|
+-----------&gt;View{id=-1, visibility=VISIBLE, width=996, height=3, has-focus=false, has-focusable=false, has-window-focus=true, is-clickable=false, is-enabled=true, is-focused=false, is-focusable=false, is-layout-requested=false, is-selected=false, layout-params=android.widget.RadioGroup$LayoutParams&#64;d4b6144, tag=null, root-is-layout-requested=false, has-input-connection=false, x=0.0, y=276.0}
|
+-----------&gt;MaterialRadioButton{id=2131230858, res-name=chili, visibility=VISIBLE, width=436, height=126, has-focus=false, has-focusable=true, has-window-focus=true, is-clickable=true, is-enabled=true, is-focused=false, is-focusable=true, is-layout-requested=false, is-selected=false, layout-params=android.widget.RadioGroup$LayoutParams&#64;f53522d, tag=null, root-is-layout-requested=false, has-input-connection=false, x=0.0, y=279.0, text=Three Bean Chili, input-type=0, ime-target=false, has-links=false, is-checked=false}
|
+-----------&gt;MaterialTextView{id=2131230859, res-name=chili_description, visibility=VISIBLE, width=996, height=101, has-focus=false, has-focusable=false, has-window-focus=true, is-clickable=false, is-enabled=true, is-focused=false, is-focusable=false, is-layout-requested=false, is-selected=false, layout-params=android.widget.RadioGroup$LayoutParams&#64;551e362, tag=null, root-is-layout-requested=false, has-input-connection=false, x=0.0, y=405.0, text=Black beans, red beans, kidney beans, slow cooked, topped with onion, input-type=0, ime-target=false, has-links=false}
|
+-----------&gt;MaterialTextView{id=2131230860, res-name=chili_price, visibility=VISIBLE, width=145, height=75, has-focus=false, has-focusable=false, has-window-focus=true, is-clickable=false, is-enabled=true, is-focused=false, is-focusable=false, is-layout-requested=false, is-selected=false, layout-params=android.widget.RadioGroup$LayoutParams&#64;6f1dcf3, tag=null, root-is-layout-requested=false, has-input-connection=false, x=0.0, y=506.0, text=$4.00, input-type=0, ime-target=false, has-links=false}
|
+-----------&gt;View{id=-1, visibility=VISIBLE, width=996, height=3, has-focus=false, has-focusable=false, has-window-focus=true, is-clickable=false, is-enabled=true, is-focused=false, is-focusable=false, is-layout-requested=false, is-selected=false, layout-params=android.widget.RadioGroup$LayoutParams&#64;d3f4db0, tag=null, root-is-layout-requested=false, has-input-connection=false, x=0.0, y=602.0}
|
+-----------&gt;MaterialRadioButton{id=2131231106, res-name=pasta, visibility=VISIBLE, width=455, height=126, has-focus=false, has-focusable=true, has-window-focus=true, is-clickable=true, is-enabled=true, is-focused=false, is-focusable=true, is-layout-requested=false, is-selected=false, layout-params=android.widget.RadioGroup$LayoutParams&#64;3bfe429, tag=null, root-is-layout-requested=false, has-input-connection=false, x=0.0, y=605.0, text=Mushroom Pasta, input-type=0, ime-target=false, has-links=false, is-checked=false}
|
+-----------&gt;MaterialTextView{id=2131231107, res-name=pasta_description, visibility=VISIBLE, width=996, height=101, has-focus=false, has-focusable=false, has-window-focus=true, is-clickable=false, is-enabled=true, is-focused=false, is-focusable=false, is-layout-requested=false, is-selected=false, layout-params=android.widget.RadioGroup$LayoutParams&#64;eed3ae, tag=null, root-is-layout-requested=false, has-input-connection=false, x=0.0, y=731.0, text=Penne pasta, mushrooms, basil, with plum tomatoes cooked in garlic and olive oil, input-type=0, ime-target=false, has-links=false}
|
+-----------&gt;MaterialTextView{id=2131231108, res-name=pasta_price, visibility=VISIBLE, width=145, height=75, has-focus=false, has-focusable=false, has-window-focus=true, is-clickable=false, is-enabled=true, is-focused=false, is-focusable=false, is-layout-requested=false, is-selected=false, layout-params=android.widget.RadioGroup$LayoutParams&#64;c3554f, tag=null, root-is-layout-requested=false, has-input-connection=false, x=0.0, y=832.0, text=$5.50, input-type=0, ime-target=false, has-links=false}
|
+-----------&gt;View{id=-1, visibility=VISIBLE, width=996, height=3, has-focus=false, has-focusable=false, has-window-focus=true, is-clickable=false, is-enabled=true, is-focused=false, is-focusable=false, is-layout-requested=false, is-selected=false, layout-params=android.widget.RadioGroup$LayoutParams&#64;14394dc, tag=null, root-is-layout-requested=false, has-input-connection=false, x=0.0, y=928.0}
|
+-----------&gt;MaterialRadioButton{id=2131231175, res-name=skillet, visibility=VISIBLE, width=599, height=126, has-focus=false, has-focusable=true, has-window-focus=true, is-clickable=true, is-enabled=true, is-focused=false, is-focusable=true, is-layout-requested=false, is-selected=false, layout-params=android.widget.RadioGroup$LayoutParams&#64;f4999e5, tag=null, root-is-layout-requested=false, has-input-connection=false, x=0.0, y=931.0, text=Spicy Black Bean Skillet, input-type=0, ime-target=false, has-links=false, is-checked=false}
|
+-----------&gt;MaterialTextView{id=2131231176, res-name=skillet_description, visibility=VISIBLE, width=996, height=148, has-focus=false, has-focusable=false, has-window-focus=true, is-clickable=false, is-enabled=true, is-focused=false, is-focusable=false, is-layout-requested=false, is-selected=false, layout-params=android.widget.RadioGroup$LayoutParams&#64;b587cba, tag=null, root-is-layout-requested=false, has-input-connection=false, x=0.0, y=1057.0, text=Seasonal vegetables, black beans, house spice blend, served with avocado and quick pickled onions, input-type=0, ime-target=false, has-links=false}
|
+-----------&gt;MaterialTextView{id=2131231177, res-name=skillet_price, visibility=VISIBLE, width=145, height=75, has-focus=false, has-focusable=false, has-window-focus=true, is-clickable=false, is-enabled=true, is-focused=false, is-focusable=false, is-layout-requested=false, is-selected=false, layout-params=android.widget.RadioGroup$LayoutParams&#64;c89f76b, tag=null, root-is-layout-requested=false, has-input-connection=false, x=0.0, y=1205.0, text=$5.50, input-type=0, ime-target=false, has-links=false}
|
+----------&gt;View{id=2131230910, res-name=divider, visibility=VISIBLE, width=996, height=3, has-focus=false, has-focusable=false, has-window-focus=true, is-clickable=false, is-enabled=true, is-focused=false, is-focusable=false, is-layout-requested=false, is-selected=false, layout-params=androidx.constraintlayout.widget.ConstraintLayout$LayoutParams&#64;7e322c8, tag=null, root-is-layout-requested=false, has-input-connection=false, x=42.0, y=1301.0}
|
+----------&gt;MaterialTextView{id=2131231217, res-name=subtotal, visibility=VISIBLE, width=133, height=70, has-focus=false, has-focusable=false, has-window-focus=true, is-clickable=false, is-enabled=true, is-focused=false, is-focusable=false, is-layout-requested=false, is-selected=false, layout-params=androidx.constraintlayout.widget.ConstraintLayout$LayoutParams&#64;efeef61, tag=null, root-is-layout-requested=false, has-input-connection=false, x=905.0, y=1346.0, text=$0.00, input-type=0, ime-target=false, has-links=false}
|
+----------&gt;MaterialButton{id=2131230842, res-name=cancel_button, visibility=VISIBLE, width=477, height=126, has-focus=false, has-focusable=true, has-window-focus=true, is-clickable=true, is-enabled=true, is-focused=false, is-focusable=true, is-layout-requested=false, is-selected=false, layout-params=androidx.constraintlayout.widget.ConstraintLayout$LayoutParams&#64;581aa86, tag=null, root-is-layout-requested=false, has-input-connection=false, x=42.0, y=1458.0, text=Cancel, input-type=0, ime-target=false, has-links=false, is-checked=false}
|
+----------&gt;MaterialButton{id=2131231081, res-name=next_button, visibility=VISIBLE, width=477, height=126, has-focus=false, has-focusable=true, has-window-focus=true, is-clickable=true, is-enabled=true, is-focused=false, is-focusable=true, is-layout-requested=false, is-selected=false, layout-params=androidx.constraintlayout.widget.ConstraintLayout$LayoutParams&#64;3ce9f47, tag=null, root-is-layout-requested=false, has-input-connection=false, x=561.0, y=1458.0, text=Next, input-type=0, ime-target=false, has-links=false, is-checked=false}
|
+----&gt;ActionBarContainer{id=2131230780, res-name=action_bar_container, visibility=VISIBLE, width=1080, height=147, has-focus=false, has-focusable=false, has-window-focus=true, is-clickable=false, is-enabled=true, is-focused=false, is-focusable=false, is-layout-requested=false, is-selected=false, layout-params=androidx.appcompat.widget.ActionBarOverlayLayout$LayoutParams&#64;abde912, tag=null, root-is-layout-requested=false, has-input-connection=false, x=0.0, y=0.0, child-count=2}
|
+-----&gt;Toolbar{id=2131230778, res-name=action_bar, visibility=VISIBLE, width=1080, height=147, has-focus=false, has-focusable=false, has-window-focus=true, is-clickable=false, is-enabled=true, is-focused=false, is-focusable=false, is-layout-requested=false, is-selected=false, layout-params=android.widget.FrameLayout$LayoutParams&#64;43d2999, tag=null, root-is-layout-requested=false, has-input-connection=false, x=0.0, y=0.0, child-count=2}
|
+------&gt;AppCompatTextView{id=-1, visibility=VISIBLE, width=289, height=78, has-focus=false, has-focusable=false, has-window-focus=true, is-clickable=false, is-enabled=true, is-focused=false, is-focusable=false, is-layout-requested=false, is-selected=false, layout-params=androidx.appcompat.widget.Toolbar$LayoutParams&#64;60d845e, tag=null, root-is-layout-requested=false, has-input-connection=false, x=42.0, y=34.0, text=Lunch Tray, input-type=0, ime-target=false, has-links=false}
|
+------&gt;ActionMenuView{id=-1, visibility=VISIBLE, width=0, height=147, has-focus=false, has-focusable=false, has-window-focus=true, is-clickable=false, is-enabled=true, is-focused=false, is-focusable=false, is-layout-requested=false, is-selected=false, layout-params=androidx.appcompat.widget.Toolbar$LayoutParams&#64;ca303f, tag=null, root-is-layout-requested=false, has-input-connection=false, x=1080.0, y=0.0, child-count=0}
|
+-----&gt;ActionBarContextView{id=2131230787, res-name=action_context_bar, visibility=GONE, width=0, height=0, has-focus=false, has-focusable=false, has-window-focus=true, is-clickable=false, is-enabled=true, is-focused=false, is-focusable=false, is-layout-requested=true, is-selected=false, layout-params=android.widget.FrameLayout$LayoutParams&#64;83ed0c, tag=null, root-is-layout-requested=false, has-input-connection=false, x=0.0, y=0.0, child-count=0}
|
+-&gt;View{id=16908336, res-name=navigationBarBackground, visibility=VISIBLE, width=1080, height=39, has-focus=false, has-focusable=false, has-window-focus=true, is-clickable=false, is-enabled=true, is-focused=false, is-focusable=false, is-layout-requested=false, is-selected=false, layout-params=android.widget.FrameLayout$LayoutParams&#64;dadc655, tag=null, root-is-layout-requested=false, has-input-connection=false, x=0.0, y=2301.0}
|
+-&gt;View{id=16908335, res-name=statusBarBackground, visibility=VISIBLE, width=1080, height=83, has-focus=false, has-focusable=false, has-window-focus=true, is-clickable=false, is-enabled=true, is-focused=false, is-focusable=false, is-layout-requested=false, is-selected=false, layout-params=android.widget.FrameLayout$LayoutParams&#64;29886a, tag=null, root-is-layout-requested=false, has-input-connection=false, x=0.0, y=0.0}
at dalvik.system.VMStack.getThreadStackTrace(Native Method)
at java.lang.Thread.getStackTrace(Thread.java:1736)
at androidx.test.espresso.base.DefaultFailureHandler.getUserFriendlyError(DefaultFailureHandler.java:12)
at androidx.test.espresso.base.DefaultFailureHandler.handle(DefaultFailureHandler.java:7)
at androidx.test.espresso.ViewInteraction.waitForAndHandleInteractionResults(ViewInteraction.java:8)
at androidx.test.espresso.ViewInteraction.check(ViewInteraction.java:12)
at com.example.lunchtray.OrderFunctionalityTests.order_reset_after_cancel_from_checkout(OrderFunctionalityTests.kt:264)</failure>
  </testcase>
</testsuite>